2025-04-26 04:17:36,022 - Emotion: angry, Train images: 3995, Test images: 958
2025-04-26 04:17:36,022 - Emotion: disgust, Train images: 436, Test images: 111
2025-04-26 04:17:36,022 - Emotion: fear, Train images: 4097, Test images: 1024
2025-04-26 04:17:36,022 - Emotion: happy, Train images: 7215, Test images: 1774
2025-04-26 04:17:36,022 - Emotion: neutral, Train images: 4965, Test images: 1233
2025-04-26 04:17:36,022 - Emotion: sad, Train images: 4830, Test images: 1247
2025-04-26 04:17:36,022 - Emotion: surprise, Train images: 3171, Test images: 831
2025-04-26 04:21:53,783 - Emotion: angry, Train images: 3995, Test images: 958
2025-04-26 04:21:53,783 - Emotion: disgust, Train images: 436, Test images: 111
2025-04-26 04:21:53,800 - Emotion: fear, Train images: 4097, Test images: 1024
2025-04-26 04:21:53,805 - Emotion: happy, Train images: 7215, Test images: 1774
2025-04-26 04:21:53,805 - Emotion: neutral, Train images: 4965, Test images: 1233
2025-04-26 04:21:53,805 - Emotion: sad, Train images: 4830, Test images: 1247
2025-04-26 04:21:53,805 - Emotion: surprise, Train images: 3171, Test images: 831
2025-04-26 11:32:33,602 - Class: angry, Images: 3995
2025-04-26 11:32:33,602 - Class: disgust, Images: 436
2025-04-26 11:32:33,602 - Class: fear, Images: 4097
2025-04-26 11:32:33,603 - Class: happy, Images: 7215
2025-04-26 11:32:33,603 - Class: neutral, Images: 4965
2025-04-26 11:32:33,603 - Class: sad, Images: 4830
2025-04-26 11:32:33,603 - Class: surprise, Images: 3171
2025-04-26 11:32:33,605 - Class: angry, Images: 958
2025-04-26 11:32:33,605 - Class: disgust, Images: 111
2025-04-26 11:32:33,605 - Class: fear, Images: 1024
2025-04-26 11:32:33,605 - Class: happy, Images: 1774
2025-04-26 11:32:33,605 - Class: neutral, Images: 1233
2025-04-26 11:32:33,605 - Class: sad, Images: 1247
2025-04-26 11:32:33,605 - Class: surprise, Images: 831
2025-04-26 11:32:36,557 - Class: angry, Images: 3995
2025-04-26 11:32:36,557 - Class: disgust, Images: 436
2025-04-26 11:32:36,557 - Class: fear, Images: 4097
2025-04-26 11:32:36,557 - Class: happy, Images: 7215
2025-04-26 11:32:36,557 - Class: neutral, Images: 4965
2025-04-26 11:32:36,557 - Class: sad, Images: 4830
2025-04-26 11:32:36,557 - Class: surprise, Images: 3171
2025-04-26 11:32:36,575 - Class: angry, Images: 958
2025-04-26 11:32:36,584 - Class: disgust, Images: 111
2025-04-26 11:32:36,584 - Class: fear, Images: 1024
2025-04-26 11:32:36,584 - Class: happy, Images: 1774
2025-04-26 11:32:36,584 - Class: neutral, Images: 1233
2025-04-26 11:32:36,584 - Class: sad, Images: 1247
2025-04-26 11:32:36,584 - Class: surprise, Images: 831
2025-04-26 11:34:22,340 - Class: angry, Images: 3995
2025-04-26 11:34:22,340 - Class: disgust, Images: 436
2025-04-26 11:34:22,340 - Class: fear, Images: 4097
2025-04-26 11:34:22,340 - Class: happy, Images: 7215
2025-04-26 11:34:22,340 - Class: neutral, Images: 4965
2025-04-26 11:34:22,340 - Class: sad, Images: 4830
2025-04-26 11:34:22,340 - Class: surprise, Images: 3171
2025-04-26 11:34:22,354 - Class: angry, Images: 958
2025-04-26 11:34:22,354 - Class: disgust, Images: 111
2025-04-26 11:34:22,354 - Class: fear, Images: 1024
2025-04-26 11:34:22,354 - Class: happy, Images: 1774
2025-04-26 11:34:22,354 - Class: neutral, Images: 1233
2025-04-26 11:34:22,354 - Class: sad, Images: 1247
2025-04-26 11:34:22,354 - Class: surprise, Images: 831
2025-04-26 11:38:48,836 - Class: angry, Images: 3995
2025-04-26 11:38:48,836 - Class: disgust, Images: 436
2025-04-26 11:38:48,836 - Class: fear, Images: 4097
2025-04-26 11:38:48,836 - Class: happy, Images: 7215
2025-04-26 11:38:48,836 - Class: neutral, Images: 4965
2025-04-26 11:38:48,836 - Class: sad, Images: 4830
2025-04-26 11:38:48,836 - Class: surprise, Images: 3171
2025-04-26 11:38:48,849 - Class: angry, Images: 958
2025-04-26 11:38:48,849 - Class: disgust, Images: 111
2025-04-26 11:38:48,849 - Class: fear, Images: 1024
2025-04-26 11:38:48,849 - Class: happy, Images: 1774
2025-04-26 11:38:48,849 - Class: neutral, Images: 1233
2025-04-26 11:38:48,849 - Class: sad, Images: 1247
2025-04-26 11:38:48,849 - Class: surprise, Images: 831
2025-04-26 11:46:08,407 - Epoch 1/50 - Loss: 2.0090, Accuracy: 17.03%, Val Loss: 1.8535, Val Accuracy: 22.99%, LR: 0.001000
2025-04-26 11:46:08,456 - New best model saved to D:\Study\Project\SignLanguageRecognition\torch_data\emotion_model.pt with val accuracy: 22.99%
2025-04-26 11:46:55,175 - Epoch 2/50 - Loss: 1.8772, Accuracy: 24.70%, Val Loss: 1.6588, Val Accuracy: 36.17%, LR: 0.001000
2025-04-26 11:46:55,220 - New best model saved to D:\Study\Project\SignLanguageRecognition\torch_data\emotion_model.pt with val accuracy: 36.17%
2025-04-26 11:47:41,693 - Epoch 3/50 - Loss: 1.7298, Accuracy: 33.07%, Val Loss: 1.5506, Val Accuracy: 41.35%, LR: 0.001000
2025-04-26 11:47:41,742 - New best model saved to D:\Study\Project\SignLanguageRecognition\torch_data\emotion_model.pt with val accuracy: 41.35%
2025-04-26 11:48:13,394 - Epoch 4/50 - Loss: 1.6395, Accuracy: 37.82%, Val Loss: 1.5238, Val Accuracy: 40.86%, LR: 0.001000
2025-04-26 11:48:45,445 - Epoch 5/50 - Loss: 1.5877, Accuracy: 39.99%, Val Loss: 1.4140, Val Accuracy: 46.24%, LR: 0.001000
2025-04-26 11:48:45,495 - New best model saved to D:\Study\Project\SignLanguageRecognition\torch_data\emotion_model.pt with val accuracy: 46.24%
2025-04-26 11:49:18,168 - Epoch 6/50 - Loss: 1.5282, Accuracy: 42.39%, Val Loss: 1.3090, Val Accuracy: 50.11%, LR: 0.001000
2025-04-26 11:49:18,219 - New best model saved to D:\Study\Project\SignLanguageRecognition\torch_data\emotion_model.pt with val accuracy: 50.11%
2025-04-26 11:49:48,030 - Epoch 7/50 - Loss: 1.4944, Accuracy: 43.75%, Val Loss: 1.3543, Val Accuracy: 50.01%, LR: 0.001000
2025-04-26 11:50:14,860 - Epoch 8/50 - Loss: 1.4555, Accuracy: 45.10%, Val Loss: 1.3831, Val Accuracy: 47.00%, LR: 0.001000
2025-04-26 11:50:41,672 - Epoch 9/50 - Loss: 1.4218, Accuracy: 46.77%, Val Loss: 1.2105, Val Accuracy: 53.41%, LR: 0.001000
2025-04-26 11:50:41,696 - New best model saved to D:\Study\Project\SignLanguageRecognition\torch_data\emotion_model.pt with val accuracy: 53.41%
2025-04-26 11:51:08,331 - Epoch 10/50 - Loss: 1.3846, Accuracy: 47.85%, Val Loss: 1.2105, Val Accuracy: 54.19%, LR: 0.001000
2025-04-26 11:51:08,373 - New best model saved to D:\Study\Project\SignLanguageRecognition\torch_data\emotion_model.pt with val accuracy: 54.19%
2025-04-26 11:51:35,124 - Epoch 11/50 - Loss: 1.3654, Accuracy: 48.91%, Val Loss: 1.2324, Val Accuracy: 53.12%, LR: 0.001000
2025-04-26 11:52:01,969 - Epoch 12/50 - Loss: 1.3461, Accuracy: 49.09%, Val Loss: 1.2186, Val Accuracy: 54.11%, LR: 0.001000
2025-04-26 11:52:28,891 - Epoch 13/50 - Loss: 1.3112, Accuracy: 50.33%, Val Loss: 1.1503, Val Accuracy: 55.87%, LR: 0.001000
2025-04-26 11:52:28,919 - New best model saved to D:\Study\Project\SignLanguageRecognition\torch_data\emotion_model.pt with val accuracy: 55.87%
2025-04-26 11:52:55,781 - Epoch 14/50 - Loss: 1.3031, Accuracy: 50.82%, Val Loss: 1.1145, Val Accuracy: 57.30%, LR: 0.001000
2025-04-26 11:52:55,819 - New best model saved to D:\Study\Project\SignLanguageRecognition\torch_data\emotion_model.pt with val accuracy: 57.30%
2025-04-26 11:53:22,709 - Epoch 15/50 - Loss: 1.2854, Accuracy: 51.68%, Val Loss: 1.1077, Val Accuracy: 57.69%, LR: 0.001000
2025-04-26 11:53:22,758 - New best model saved to D:\Study\Project\SignLanguageRecognition\torch_data\emotion_model.pt with val accuracy: 57.69%
2025-04-26 11:53:49,676 - Epoch 16/50 - Loss: 1.2675, Accuracy: 52.04%, Val Loss: 1.0843, Val Accuracy: 58.67%, LR: 0.001000
2025-04-26 11:53:49,715 - New best model saved to D:\Study\Project\SignLanguageRecognition\torch_data\emotion_model.pt with val accuracy: 58.67%
2025-04-26 11:54:16,661 - Epoch 17/50 - Loss: 1.2599, Accuracy: 52.20%, Val Loss: 1.0971, Val Accuracy: 58.11%, LR: 0.001000
2025-04-26 11:54:49,146 - Epoch 18/50 - Loss: 1.2320, Accuracy: 53.09%, Val Loss: 1.0642, Val Accuracy: 59.63%, LR: 0.001000
2025-04-26 11:54:49,194 - New best model saved to D:\Study\Project\SignLanguageRecognition\torch_data\emotion_model.pt with val accuracy: 59.63%
2025-04-26 11:55:21,393 - Epoch 19/50 - Loss: 1.2261, Accuracy: 53.31%, Val Loss: 1.1279, Val Accuracy: 57.06%, LR: 0.001000
2025-04-26 11:55:48,654 - Epoch 20/50 - Loss: 1.2190, Accuracy: 53.78%, Val Loss: 1.0533, Val Accuracy: 60.02%, LR: 0.001000
2025-04-26 11:55:48,692 - New best model saved to D:\Study\Project\SignLanguageRecognition\torch_data\emotion_model.pt with val accuracy: 60.02%
2025-04-26 11:56:21,157 - Epoch 21/50 - Loss: 1.2051, Accuracy: 54.25%, Val Loss: 1.0713, Val Accuracy: 59.24%, LR: 0.001000
2025-04-26 11:56:54,282 - Epoch 22/50 - Loss: 1.1972, Accuracy: 55.00%, Val Loss: 1.0707, Val Accuracy: 59.82%, LR: 0.001000
2025-04-26 11:57:27,566 - Epoch 23/50 - Loss: 1.1818, Accuracy: 54.98%, Val Loss: 1.0795, Val Accuracy: 59.40%, LR: 0.001000
2025-04-26 11:58:00,177 - Epoch 24/50 - Loss: 1.1781, Accuracy: 55.37%, Val Loss: 1.0446, Val Accuracy: 60.31%, LR: 0.001000
2025-04-26 11:58:00,204 - New best model saved to D:\Study\Project\SignLanguageRecognition\torch_data\emotion_model.pt with val accuracy: 60.31%
2025-04-26 11:58:32,696 - Epoch 25/50 - Loss: 1.1709, Accuracy: 55.42%, Val Loss: 1.0864, Val Accuracy: 59.06%, LR: 0.001000
2025-04-26 11:59:04,682 - Epoch 26/50 - Loss: 1.1479, Accuracy: 56.10%, Val Loss: 1.0395, Val Accuracy: 61.05%, LR: 0.001000
2025-04-26 11:59:04,719 - New best model saved to D:\Study\Project\SignLanguageRecognition\torch_data\emotion_model.pt with val accuracy: 61.05%
2025-04-26 11:59:37,284 - Epoch 27/50 - Loss: 1.1546, Accuracy: 56.27%, Val Loss: 1.0198, Val Accuracy: 61.81%, LR: 0.001000
2025-04-26 11:59:37,330 - New best model saved to D:\Study\Project\SignLanguageRecognition\torch_data\emotion_model.pt with val accuracy: 61.81%
2025-04-26 12:00:11,217 - Epoch 28/50 - Loss: 1.1401, Accuracy: 56.45%, Val Loss: 1.0305, Val Accuracy: 61.01%, LR: 0.001000
2025-04-26 12:00:44,163 - Epoch 29/50 - Loss: 1.1277, Accuracy: 56.80%, Val Loss: 1.0404, Val Accuracy: 61.55%, LR: 0.001000
2025-04-26 12:01:16,048 - Epoch 30/50 - Loss: 1.1221, Accuracy: 57.02%, Val Loss: 1.0167, Val Accuracy: 61.54%, LR: 0.001000
2025-04-26 12:02:06,073 - Epoch 31/50 - Loss: 1.1195, Accuracy: 56.97%, Val Loss: 1.0325, Val Accuracy: 61.49%, LR: 0.001000
2025-04-26 12:02:56,353 - Epoch 32/50 - Loss: 1.1247, Accuracy: 57.13%, Val Loss: 1.0567, Val Accuracy: 60.87%, LR: 0.001000
2025-04-26 12:03:46,600 - Epoch 33/50 - Loss: 1.1139, Accuracy: 57.40%, Val Loss: 1.0203, Val Accuracy: 62.05%, LR: 0.001000
2025-04-26 12:03:46,648 - New best model saved to D:\Study\Project\SignLanguageRecognition\torch_data\emotion_model.pt with val accuracy: 62.05%
2025-04-26 12:04:36,836 - Epoch 34/50 - Loss: 1.0911, Accuracy: 57.62%, Val Loss: 0.9978, Val Accuracy: 62.93%, LR: 0.001000
2025-04-26 12:04:36,883 - New best model saved to D:\Study\Project\SignLanguageRecognition\torch_data\emotion_model.pt with val accuracy: 62.93%
2025-04-26 12:05:26,421 - Epoch 35/50 - Loss: 1.0993, Accuracy: 57.33%, Val Loss: 1.0168, Val Accuracy: 62.50%, LR: 0.001000
2025-04-26 12:06:13,199 - Epoch 36/50 - Loss: 1.0838, Accuracy: 58.17%, Val Loss: 0.9905, Val Accuracy: 63.29%, LR: 0.001000
2025-04-26 12:06:13,246 - New best model saved to D:\Study\Project\SignLanguageRecognition\torch_data\emotion_model.pt with val accuracy: 63.29%
2025-04-26 12:06:59,693 - Epoch 37/50 - Loss: 1.0666, Accuracy: 58.80%, Val Loss: 1.0050, Val Accuracy: 62.87%, LR: 0.001000
2025-04-26 12:07:43,275 - Epoch 38/50 - Loss: 1.0779, Accuracy: 58.11%, Val Loss: 0.9779, Val Accuracy: 63.53%, LR: 0.001000
2025-04-26 12:07:43,321 - New best model saved to D:\Study\Project\SignLanguageRecognition\torch_data\emotion_model.pt with val accuracy: 63.53%
2025-04-26 12:08:22,942 - Epoch 39/50 - Loss: 1.0725, Accuracy: 58.49%, Val Loss: 1.0093, Val Accuracy: 63.33%, LR: 0.001000
2025-04-26 12:08:54,547 - Epoch 40/50 - Loss: 1.0564, Accuracy: 58.99%, Val Loss: 0.9931, Val Accuracy: 63.42%, LR: 0.001000
2025-04-26 12:09:26,823 - Epoch 41/50 - Loss: 1.0662, Accuracy: 59.16%, Val Loss: 0.9956, Val Accuracy: 63.81%, LR: 0.001000
2025-04-26 12:09:26,873 - New best model saved to D:\Study\Project\SignLanguageRecognition\torch_data\emotion_model.pt with val accuracy: 63.81%
2025-04-26 12:10:10,620 - Epoch 42/50 - Loss: 1.0539, Accuracy: 59.02%, Val Loss: 0.9906, Val Accuracy: 63.93%, LR: 0.001000
2025-04-26 12:10:10,654 - New best model saved to D:\Study\Project\SignLanguageRecognition\torch_data\emotion_model.pt with val accuracy: 63.93%
2025-04-26 12:10:50,178 - Epoch 43/50 - Loss: 1.0514, Accuracy: 59.29%, Val Loss: 0.9922, Val Accuracy: 63.96%, LR: 0.001000
2025-04-26 12:10:50,236 - New best model saved to D:\Study\Project\SignLanguageRecognition\torch_data\emotion_model.pt with val accuracy: 63.96%
2025-04-26 12:11:28,688 - Epoch 44/50 - Loss: 1.0430, Accuracy: 59.44%, Val Loss: 0.9823, Val Accuracy: 63.89%, LR: 0.000500
2025-04-26 12:12:12,635 - Epoch 45/50 - Loss: 1.0055, Accuracy: 60.52%, Val Loss: 0.9699, Val Accuracy: 64.71%, LR: 0.000500
2025-04-26 12:12:12,675 - New best model saved to D:\Study\Project\SignLanguageRecognition\torch_data\emotion_model.pt with val accuracy: 64.71%
2025-04-26 12:13:01,213 - Epoch 46/50 - Loss: 0.9953, Accuracy: 61.26%, Val Loss: 0.9642, Val Accuracy: 64.99%, LR: 0.000500
2025-04-26 12:13:01,262 - New best model saved to D:\Study\Project\SignLanguageRecognition\torch_data\emotion_model.pt with val accuracy: 64.99%
2025-04-26 12:13:44,607 - Epoch 47/50 - Loss: 0.9882, Accuracy: 61.36%, Val Loss: 0.9709, Val Accuracy: 64.88%, LR: 0.000500
2025-04-26 12:14:33,375 - Epoch 48/50 - Loss: 0.9775, Accuracy: 61.58%, Val Loss: 0.9588, Val Accuracy: 65.37%, LR: 0.000500
2025-04-26 12:14:33,429 - New best model saved to D:\Study\Project\SignLanguageRecognition\torch_data\emotion_model.pt with val accuracy: 65.37%
2025-04-26 12:15:17,445 - Epoch 49/50 - Loss: 0.9783, Accuracy: 61.61%, Val Loss: 0.9538, Val Accuracy: 65.71%, LR: 0.000500
2025-04-26 12:15:17,476 - New best model saved to D:\Study\Project\SignLanguageRecognition\torch_data\emotion_model.pt with val accuracy: 65.71%
2025-04-26 12:16:01,464 - Epoch 50/50 - Loss: 0.9692, Accuracy: 61.83%, Val Loss: 0.9612, Val Accuracy: 65.74%, LR: 0.000500
2025-04-26 12:16:01,491 - New best model saved to D:\Study\Project\SignLanguageRecognition\torch_data\emotion_model.pt with val accuracy: 65.74%
2025-04-26 13:31:40,209 - Class: angry, Images: 3995
2025-04-26 13:31:40,209 - Class: disgust, Images: 436
2025-04-26 13:31:40,209 - Class: fear, Images: 4097
2025-04-26 13:31:40,209 - Class: happy, Images: 7215
2025-04-26 13:31:40,209 - Class: neutral, Images: 4965
2025-04-26 13:31:40,209 - Class: sad, Images: 4830
2025-04-26 13:31:40,209 - Class: surprise, Images: 3171
2025-04-26 13:31:40,209 - Class: angry, Images: 958
2025-04-26 13:31:40,209 - Class: disgust, Images: 111
2025-04-26 13:31:40,209 - Class: fear, Images: 1024
2025-04-26 13:31:40,209 - Class: happy, Images: 1774
2025-04-26 13:31:40,209 - Class: neutral, Images: 1233
2025-04-26 13:31:40,209 - Class: sad, Images: 1247
2025-04-26 13:31:40,209 - Class: surprise, Images: 831
2025-04-26 13:32:32,066 - Epoch 1/50 - Loss: 2.0121, Accuracy: 14.66%, Val Loss: 1.9533, Val Accuracy: 16.56%, LR: 0.001000
2025-04-26 13:32:32,127 - New best model saved to D:\Study\Project\SignLanguageRecognition\torch_data\emotion_model.pt with val accuracy: 16.56%
2025-04-26 13:33:24,396 - Epoch 2/50 - Loss: 1.9832, Accuracy: 15.43%, Val Loss: 1.9284, Val Accuracy: 19.02%, LR: 0.001000
2025-04-26 13:33:24,439 - New best model saved to D:\Study\Project\SignLanguageRecognition\torch_data\emotion_model.pt with val accuracy: 19.02%
2025-04-26 13:34:00,542 - Class: angry, Images: 3995
2025-04-26 13:34:00,542 - Class: disgust, Images: 436
2025-04-26 13:34:00,542 - Class: fear, Images: 4097
2025-04-26 13:34:00,542 - Class: happy, Images: 7215
2025-04-26 13:34:00,542 - Class: neutral, Images: 4965
2025-04-26 13:34:00,542 - Class: sad, Images: 4830
2025-04-26 13:34:00,542 - Class: surprise, Images: 3171
2025-04-26 13:34:00,556 - Class: angry, Images: 958
2025-04-26 13:34:00,556 - Class: disgust, Images: 111
2025-04-26 13:34:00,556 - Class: fear, Images: 1024
2025-04-26 13:34:00,556 - Class: happy, Images: 1774
2025-04-26 13:34:00,556 - Class: neutral, Images: 1233
2025-04-26 13:34:00,556 - Class: sad, Images: 1247
2025-04-26 13:34:00,556 - Class: surprise, Images: 831
2025-04-26 13:34:48,996 - Epoch 1/100 - Loss: 2.0147, Accuracy: 14.99%, Val Loss: 1.9079, Val Accuracy: 20.01%, LR: 0.001000
2025-04-26 13:34:49,044 - New best model saved to D:\Study\Project\SignLanguageRecognition\torch_data\emotion_model.pt with val accuracy: 20.01%
2025-04-26 13:35:38,475 - Epoch 2/100 - Loss: 1.9574, Accuracy: 17.13%, Val Loss: 1.8820, Val Accuracy: 21.68%, LR: 0.001000
2025-04-26 13:35:38,526 - New best model saved to D:\Study\Project\SignLanguageRecognition\torch_data\emotion_model.pt with val accuracy: 21.68%
2025-04-26 13:36:27,581 - Epoch 3/100 - Loss: 1.9035, Accuracy: 19.34%, Val Loss: 1.7997, Val Accuracy: 26.04%, LR: 0.001000
2025-04-26 13:36:27,621 - New best model saved to D:\Study\Project\SignLanguageRecognition\torch_data\emotion_model.pt with val accuracy: 26.04%
2025-04-26 13:37:16,546 - Epoch 4/100 - Loss: 1.8137, Accuracy: 26.11%, Val Loss: 1.7619, Val Accuracy: 29.28%, LR: 0.001000
2025-04-26 13:37:16,568 - New best model saved to D:\Study\Project\SignLanguageRecognition\torch_data\emotion_model.pt with val accuracy: 29.28%
2025-04-26 13:38:05,874 - Epoch 5/100 - Loss: 1.7015, Accuracy: 33.24%, Val Loss: 1.5399, Val Accuracy: 39.68%, LR: 0.001000
2025-04-26 13:38:05,936 - New best model saved to D:\Study\Project\SignLanguageRecognition\torch_data\emotion_model.pt with val accuracy: 39.68%
2025-04-26 13:38:54,916 - Epoch 6/100 - Loss: 1.6249, Accuracy: 37.52%, Val Loss: 1.5374, Val Accuracy: 41.45%, LR: 0.001000
2025-04-26 13:38:54,954 - New best model saved to D:\Study\Project\SignLanguageRecognition\torch_data\emotion_model.pt with val accuracy: 41.45%
2025-04-26 13:39:43,989 - Epoch 7/100 - Loss: 1.5635, Accuracy: 39.85%, Val Loss: 1.5514, Val Accuracy: 40.12%, LR: 0.001000
2025-04-26 13:40:32,967 - Epoch 8/100 - Loss: 1.5175, Accuracy: 42.17%, Val Loss: 1.4193, Val Accuracy: 45.39%, LR: 0.001000
2025-04-26 13:40:33,019 - New best model saved to D:\Study\Project\SignLanguageRecognition\torch_data\emotion_model.pt with val accuracy: 45.39%
2025-04-26 13:41:21,426 - Epoch 9/100 - Loss: 1.4829, Accuracy: 43.17%, Val Loss: 1.3359, Val Accuracy: 49.44%, LR: 0.001000
2025-04-26 13:41:21,477 - New best model saved to D:\Study\Project\SignLanguageRecognition\torch_data\emotion_model.pt with val accuracy: 49.44%
2025-04-26 13:42:10,363 - Epoch 10/100 - Loss: 1.4495, Accuracy: 44.60%, Val Loss: 1.3763, Val Accuracy: 47.33%, LR: 0.001000
2025-04-26 13:42:58,666 - Epoch 11/100 - Loss: 1.4144, Accuracy: 45.59%, Val Loss: 1.2538, Val Accuracy: 51.57%, LR: 0.001000
2025-04-26 13:42:58,706 - New best model saved to D:\Study\Project\SignLanguageRecognition\torch_data\emotion_model.pt with val accuracy: 51.57%
2025-04-26 13:43:47,353 - Epoch 12/100 - Loss: 1.3900, Accuracy: 46.88%, Val Loss: 1.2552, Val Accuracy: 51.91%, LR: 0.001000
2025-04-26 13:43:47,405 - New best model saved to D:\Study\Project\SignLanguageRecognition\torch_data\emotion_model.pt with val accuracy: 51.91%
2025-04-26 13:44:36,357 - Epoch 13/100 - Loss: 1.3720, Accuracy: 47.19%, Val Loss: 1.1936, Val Accuracy: 54.51%, LR: 0.001000
2025-04-26 13:44:36,408 - New best model saved to D:\Study\Project\SignLanguageRecognition\torch_data\emotion_model.pt with val accuracy: 54.51%
2025-04-26 13:45:24,828 - Epoch 14/100 - Loss: 1.3558, Accuracy: 47.97%, Val Loss: 1.2139, Val Accuracy: 54.65%, LR: 0.001000
2025-04-26 13:45:24,874 - New best model saved to D:\Study\Project\SignLanguageRecognition\torch_data\emotion_model.pt with val accuracy: 54.65%
2025-04-26 13:46:13,768 - Epoch 15/100 - Loss: 1.3367, Accuracy: 48.77%, Val Loss: 1.1924, Val Accuracy: 55.34%, LR: 0.001000
2025-04-26 13:46:13,797 - New best model saved to D:\Study\Project\SignLanguageRecognition\torch_data\emotion_model.pt with val accuracy: 55.34%
2025-04-26 13:47:02,313 - Epoch 16/100 - Loss: 1.3191, Accuracy: 49.24%, Val Loss: 1.1512, Val Accuracy: 56.27%, LR: 0.001000
2025-04-26 13:47:02,364 - New best model saved to D:\Study\Project\SignLanguageRecognition\torch_data\emotion_model.pt with val accuracy: 56.27%
2025-04-26 13:47:51,199 - Epoch 17/100 - Loss: 1.3132, Accuracy: 49.70%, Val Loss: 1.1146, Val Accuracy: 57.05%, LR: 0.001000
2025-04-26 13:47:51,245 - New best model saved to D:\Study\Project\SignLanguageRecognition\torch_data\emotion_model.pt with val accuracy: 57.05%
2025-04-26 13:48:43,486 - Epoch 18/100 - Loss: 1.2793, Accuracy: 50.37%, Val Loss: 1.1403, Val Accuracy: 57.58%, LR: 0.001000
2025-04-26 13:48:43,543 - New best model saved to D:\Study\Project\SignLanguageRecognition\torch_data\emotion_model.pt with val accuracy: 57.58%
2025-04-26 13:49:32,599 - Epoch 19/100 - Loss: 1.2728, Accuracy: 51.06%, Val Loss: 1.1751, Val Accuracy: 55.74%, LR: 0.001000
2025-04-26 13:50:20,655 - Epoch 20/100 - Loss: 1.2682, Accuracy: 51.20%, Val Loss: 1.1318, Val Accuracy: 57.04%, LR: 0.001000
2025-04-26 13:51:03,241 - Epoch 21/100 - Loss: 1.2563, Accuracy: 51.68%, Val Loss: 1.0802, Val Accuracy: 58.90%, LR: 0.001000
2025-04-26 13:51:03,282 - New best model saved to D:\Study\Project\SignLanguageRecognition\torch_data\emotion_model.pt with val accuracy: 58.90%
2025-04-26 13:51:46,003 - Epoch 22/100 - Loss: 1.2432, Accuracy: 51.99%, Val Loss: 1.1466, Val Accuracy: 57.27%, LR: 0.001000
2025-04-26 13:52:28,631 - Epoch 23/100 - Loss: 1.2241, Accuracy: 52.16%, Val Loss: 1.1097, Val Accuracy: 57.63%, LR: 0.001000
2025-04-26 13:53:11,169 - Epoch 24/100 - Loss: 1.2176, Accuracy: 52.70%, Val Loss: 1.0869, Val Accuracy: 58.92%, LR: 0.001000
2025-04-26 13:53:11,212 - New best model saved to D:\Study\Project\SignLanguageRecognition\torch_data\emotion_model.pt with val accuracy: 58.92%
2025-04-26 13:53:53,892 - Epoch 25/100 - Loss: 1.2076, Accuracy: 52.54%, Val Loss: 1.0822, Val Accuracy: 59.38%, LR: 0.001000
2025-04-26 13:53:53,933 - New best model saved to D:\Study\Project\SignLanguageRecognition\torch_data\emotion_model.pt with val accuracy: 59.38%
2025-04-26 13:54:36,691 - Epoch 26/100 - Loss: 1.2029, Accuracy: 53.47%, Val Loss: 1.0984, Val Accuracy: 59.03%, LR: 0.001000
2025-04-26 13:55:19,363 - Epoch 27/100 - Loss: 1.1916, Accuracy: 53.29%, Val Loss: 1.0949, Val Accuracy: 59.52%, LR: 0.000500
2025-04-26 13:55:19,407 - New best model saved to D:\Study\Project\SignLanguageRecognition\torch_data\emotion_model.pt with val accuracy: 59.52%
2025-04-26 14:02:44,362 - Epoch 28/100 - Loss: 1.1496, Accuracy: 54.93%, Val Loss: 1.0443, Val Accuracy: 61.26%, LR: 0.000500
2025-04-26 14:02:44,408 - New best model saved to D:\Study\Project\SignLanguageRecognition\torch_data\emotion_model.pt with val accuracy: 61.26%
2025-04-26 14:03:33,838 - Epoch 29/100 - Loss: 1.1316, Accuracy: 55.30%, Val Loss: 1.0440, Val Accuracy: 61.16%, LR: 0.000500
2025-04-26 14:04:16,649 - Epoch 30/100 - Loss: 1.1263, Accuracy: 55.55%, Val Loss: 1.0387, Val Accuracy: 61.30%, LR: 0.000500
2025-04-26 14:04:16,693 - New best model saved to D:\Study\Project\SignLanguageRecognition\torch_data\emotion_model.pt with val accuracy: 61.30%
2025-04-26 14:04:59,909 - Epoch 31/100 - Loss: 1.1216, Accuracy: 55.62%, Val Loss: 1.0426, Val Accuracy: 61.12%, LR: 0.000500
2025-04-26 14:05:42,593 - Epoch 32/100 - Loss: 1.1157, Accuracy: 55.95%, Val Loss: 1.0167, Val Accuracy: 61.83%, LR: 0.000500
2025-04-26 14:05:42,636 - New best model saved to D:\Study\Project\SignLanguageRecognition\torch_data\emotion_model.pt with val accuracy: 61.83%
2025-04-26 14:06:25,703 - Epoch 33/100 - Loss: 1.1038, Accuracy: 55.85%, Val Loss: 1.0105, Val Accuracy: 62.13%, LR: 0.000500
2025-04-26 14:06:25,747 - New best model saved to D:\Study\Project\SignLanguageRecognition\torch_data\emotion_model.pt with val accuracy: 62.13%
2025-04-26 14:07:08,984 - Epoch 34/100 - Loss: 1.0953, Accuracy: 56.43%, Val Loss: 1.0119, Val Accuracy: 62.20%, LR: 0.000500
2025-04-26 14:07:09,027 - New best model saved to D:\Study\Project\SignLanguageRecognition\torch_data\emotion_model.pt with val accuracy: 62.20%
2025-04-26 14:07:52,069 - Epoch 35/100 - Loss: 1.0901, Accuracy: 57.05%, Val Loss: 0.9920, Val Accuracy: 62.72%, LR: 0.000500
2025-04-26 14:07:52,108 - New best model saved to D:\Study\Project\SignLanguageRecognition\torch_data\emotion_model.pt with val accuracy: 62.72%
2025-04-26 14:08:34,929 - Epoch 36/100 - Loss: 1.0963, Accuracy: 56.70%, Val Loss: 1.0256, Val Accuracy: 61.87%, LR: 0.000500
2025-04-26 14:09:18,150 - Epoch 37/100 - Loss: 1.0764, Accuracy: 57.35%, Val Loss: 1.0003, Val Accuracy: 62.20%, LR: 0.000500
2025-04-26 14:10:01,382 - Epoch 38/100 - Loss: 1.0849, Accuracy: 57.20%, Val Loss: 1.0056, Val Accuracy: 62.48%, LR: 0.000500
2025-04-26 14:10:44,260 - Epoch 39/100 - Loss: 1.0792, Accuracy: 57.23%, Val Loss: 0.9915, Val Accuracy: 62.62%, LR: 0.000500
2025-04-26 14:11:27,253 - Epoch 40/100 - Loss: 1.0789, Accuracy: 57.28%, Val Loss: 1.0079, Val Accuracy: 63.11%, LR: 0.000500
2025-04-26 14:11:27,291 - New best model saved to D:\Study\Project\SignLanguageRecognition\torch_data\emotion_model.pt with val accuracy: 63.11%
2025-04-26 14:12:10,492 - Epoch 41/100 - Loss: 1.0602, Accuracy: 58.01%, Val Loss: 1.0183, Val Accuracy: 62.68%, LR: 0.000500
2025-04-26 14:12:53,700 - Epoch 42/100 - Loss: 1.0768, Accuracy: 58.05%, Val Loss: 0.9830, Val Accuracy: 63.25%, LR: 0.000500
2025-04-26 14:12:53,742 - New best model saved to D:\Study\Project\SignLanguageRecognition\torch_data\emotion_model.pt with val accuracy: 63.25%
2025-04-26 14:13:36,663 - Epoch 43/100 - Loss: 1.0557, Accuracy: 58.01%, Val Loss: 0.9909, Val Accuracy: 63.22%, LR: 0.000500
2025-04-26 14:14:19,691 - Epoch 44/100 - Loss: 1.0493, Accuracy: 58.40%, Val Loss: 0.9987, Val Accuracy: 63.04%, LR: 0.000500
2025-04-26 14:15:02,310 - Epoch 45/100 - Loss: 1.0512, Accuracy: 58.34%, Val Loss: 0.9970, Val Accuracy: 63.14%, LR: 0.000500
2025-04-26 14:15:44,748 - Epoch 46/100 - Loss: 1.0587, Accuracy: 58.12%, Val Loss: 0.9947, Val Accuracy: 63.43%, LR: 0.000500
2025-04-26 14:15:44,768 - New best model saved to D:\Study\Project\SignLanguageRecognition\torch_data\emotion_model.pt with val accuracy: 63.43%
2025-04-26 14:16:27,589 - Epoch 47/100 - Loss: 1.0334, Accuracy: 58.16%, Val Loss: 0.9819, Val Accuracy: 63.76%, LR: 0.000500
2025-04-26 14:16:27,620 - New best model saved to D:\Study\Project\SignLanguageRecognition\torch_data\emotion_model.pt with val accuracy: 63.76%
2025-04-26 14:17:12,613 - Epoch 48/100 - Loss: 1.0620, Accuracy: 58.27%, Val Loss: 0.9834, Val Accuracy: 63.72%, LR: 0.000500
2025-04-26 14:18:01,732 - Epoch 49/100 - Loss: 1.0416, Accuracy: 58.34%, Val Loss: 1.0034, Val Accuracy: 62.37%, LR: 0.000500
2025-04-26 14:18:50,769 - Epoch 50/100 - Loss: 1.0170, Accuracy: 58.88%, Val Loss: 0.9817, Val Accuracy: 64.27%, LR: 0.000500
2025-04-26 14:18:50,825 - New best model saved to D:\Study\Project\SignLanguageRecognition\torch_data\emotion_model.pt with val accuracy: 64.27%
2025-04-26 14:19:40,852 - Epoch 51/100 - Loss: 1.0417, Accuracy: 58.87%, Val Loss: 0.9836, Val Accuracy: 63.07%, LR: 0.000500
2025-04-26 14:20:29,696 - Epoch 52/100 - Loss: 1.0163, Accuracy: 58.89%, Val Loss: 0.9827, Val Accuracy: 63.67%, LR: 0.000500
2025-04-26 14:21:17,914 - Epoch 53/100 - Loss: 1.0168, Accuracy: 59.39%, Val Loss: 0.9744, Val Accuracy: 63.85%, LR: 0.000500
2025-04-26 14:22:05,675 - Epoch 54/100 - Loss: 1.0147, Accuracy: 58.94%, Val Loss: 0.9793, Val Accuracy: 63.82%, LR: 0.000500
2025-04-26 14:22:54,713 - Epoch 55/100 - Loss: 1.0122, Accuracy: 59.62%, Val Loss: 0.9725, Val Accuracy: 63.58%, LR: 0.000500
2025-04-26 14:23:43,600 - Epoch 56/100 - Loss: 1.0147, Accuracy: 59.47%, Val Loss: 1.0213, Val Accuracy: 62.65%, LR: 0.000500
2025-04-26 14:24:32,723 - Epoch 57/100 - Loss: 1.0156, Accuracy: 59.40%, Val Loss: 0.9923, Val Accuracy: 63.92%, LR: 0.000500
2025-04-26 14:25:21,620 - Epoch 58/100 - Loss: 1.0117, Accuracy: 59.56%, Val Loss: 0.9923, Val Accuracy: 64.24%, LR: 0.000500
2025-04-26 14:26:10,273 - Epoch 59/100 - Loss: 0.9997, Accuracy: 59.94%, Val Loss: 0.9894, Val Accuracy: 64.06%, LR: 0.000500
2025-04-26 14:26:58,972 - Epoch 60/100 - Loss: 1.0032, Accuracy: 59.98%, Val Loss: 0.9774, Val Accuracy: 64.74%, LR: 0.000500
2025-04-26 14:26:59,023 - New best model saved to D:\Study\Project\SignLanguageRecognition\torch_data\emotion_model.pt with val accuracy: 64.74%
2025-04-26 14:27:47,982 - Epoch 61/100 - Loss: 0.9967, Accuracy: 59.78%, Val Loss: 0.9606, Val Accuracy: 64.84%, LR: 0.000500
2025-04-26 14:27:48,035 - New best model saved to D:\Study\Project\SignLanguageRecognition\torch_data\emotion_model.pt with val accuracy: 64.84%
2025-04-26 14:28:36,390 - Epoch 62/100 - Loss: 0.9982, Accuracy: 59.91%, Val Loss: 0.9635, Val Accuracy: 64.73%, LR: 0.000500
2025-04-26 14:29:24,785 - Epoch 63/100 - Loss: 0.9895, Accuracy: 60.24%, Val Loss: 0.9545, Val Accuracy: 64.85%, LR: 0.000500
2025-04-26 14:29:24,837 - New best model saved to D:\Study\Project\SignLanguageRecognition\torch_data\emotion_model.pt with val accuracy: 64.85%
2025-04-26 14:30:14,061 - Epoch 64/100 - Loss: 1.0158, Accuracy: 59.59%, Val Loss: 0.9825, Val Accuracy: 64.39%, LR: 0.000500
2025-04-26 14:31:02,714 - Epoch 65/100 - Loss: 0.9822, Accuracy: 60.34%, Val Loss: 0.9688, Val Accuracy: 64.18%, LR: 0.000500
2025-04-26 14:31:51,348 - Epoch 66/100 - Loss: 0.9917, Accuracy: 60.06%, Val Loss: 0.9688, Val Accuracy: 63.74%, LR: 0.000500
2025-04-26 14:32:41,017 - Epoch 67/100 - Loss: 0.9874, Accuracy: 60.38%, Val Loss: 0.9583, Val Accuracy: 64.95%, LR: 0.000500
2025-04-26 14:32:41,059 - New best model saved to D:\Study\Project\SignLanguageRecognition\torch_data\emotion_model.pt with val accuracy: 64.95%
2025-04-26 14:33:29,863 - Epoch 68/100 - Loss: 0.9807, Accuracy: 60.48%, Val Loss: 0.9603, Val Accuracy: 65.14%, LR: 0.000500
2025-04-26 14:33:29,884 - New best model saved to D:\Study\Project\SignLanguageRecognition\torch_data\emotion_model.pt with val accuracy: 65.14%
2025-04-26 14:34:18,921 - Epoch 69/100 - Loss: 0.9771, Accuracy: 60.52%, Val Loss: 0.9813, Val Accuracy: 64.54%, LR: 0.000250
2025-04-26 14:35:07,943 - Epoch 70/100 - Loss: 0.9585, Accuracy: 61.05%, Val Loss: 0.9603, Val Accuracy: 65.46%, LR: 0.000250
2025-04-26 14:35:07,987 - New best model saved to D:\Study\Project\SignLanguageRecognition\torch_data\emotion_model.pt with val accuracy: 65.46%
2025-04-26 14:35:58,092 - Epoch 71/100 - Loss: 0.9539, Accuracy: 61.30%, Val Loss: 0.9476, Val Accuracy: 65.31%, LR: 0.000250
2025-04-26 14:36:46,950 - Epoch 72/100 - Loss: 0.9453, Accuracy: 61.66%, Val Loss: 0.9600, Val Accuracy: 65.42%, LR: 0.000250
2025-04-26 14:37:35,587 - Epoch 73/100 - Loss: 0.9456, Accuracy: 61.22%, Val Loss: 0.9634, Val Accuracy: 65.24%, LR: 0.000250
2025-04-26 14:38:24,112 - Epoch 74/100 - Loss: 0.9344, Accuracy: 61.71%, Val Loss: 0.9476, Val Accuracy: 65.85%, LR: 0.000250
2025-04-26 14:38:24,160 - New best model saved to D:\Study\Project\SignLanguageRecognition\torch_data\emotion_model.pt with val accuracy: 65.85%
2025-04-26 14:39:12,362 - Epoch 75/100 - Loss: 0.9390, Accuracy: 61.89%, Val Loss: 0.9846, Val Accuracy: 64.39%, LR: 0.000250
2025-04-26 14:40:02,429 - Epoch 76/100 - Loss: 0.9289, Accuracy: 62.03%, Val Loss: 0.9562, Val Accuracy: 65.39%, LR: 0.000250
2025-04-26 14:40:51,462 - Epoch 77/100 - Loss: 0.9375, Accuracy: 62.35%, Val Loss: 0.9649, Val Accuracy: 65.23%, LR: 0.000125
2025-04-26 14:41:40,139 - Epoch 78/100 - Loss: 0.9234, Accuracy: 62.36%, Val Loss: 0.9567, Val Accuracy: 65.41%, LR: 0.000125
2025-04-26 14:42:28,918 - Epoch 79/100 - Loss: 0.9190, Accuracy: 62.80%, Val Loss: 0.9485, Val Accuracy: 65.31%, LR: 0.000125
2025-04-26 14:43:17,795 - Epoch 80/100 - Loss: 0.9106, Accuracy: 62.53%, Val Loss: 0.9505, Val Accuracy: 66.12%, LR: 0.000125
2025-04-26 14:43:17,835 - New best model saved to D:\Study\Project\SignLanguageRecognition\torch_data\emotion_model.pt with val accuracy: 66.12%
2025-04-26 14:44:06,144 - Epoch 81/100 - Loss: 0.9056, Accuracy: 62.87%, Val Loss: 0.9411, Val Accuracy: 66.06%, LR: 0.000125
2025-04-26 14:44:54,254 - Epoch 82/100 - Loss: 0.9048, Accuracy: 62.96%, Val Loss: 0.9558, Val Accuracy: 65.84%, LR: 0.000125
2025-04-26 14:45:41,830 - Epoch 83/100 - Loss: 0.9084, Accuracy: 62.98%, Val Loss: 0.9480, Val Accuracy: 65.90%, LR: 0.000125
2025-04-26 14:46:30,240 - Epoch 84/100 - Loss: 0.9106, Accuracy: 62.67%, Val Loss: 0.9547, Val Accuracy: 65.41%, LR: 0.000125
2025-04-26 14:47:18,846 - Epoch 85/100 - Loss: 0.9027, Accuracy: 63.07%, Val Loss: 0.9464, Val Accuracy: 65.85%, LR: 0.000125
2025-04-26 14:48:07,103 - Epoch 86/100 - Loss: 0.9027, Accuracy: 62.96%, Val Loss: 0.9434, Val Accuracy: 66.15%, LR: 0.000125
2025-04-26 14:48:07,155 - New best model saved to D:\Study\Project\SignLanguageRecognition\torch_data\emotion_model.pt with val accuracy: 66.15%
2025-04-26 14:48:55,113 - Epoch 87/100 - Loss: 0.9058, Accuracy: 63.27%, Val Loss: 0.9401, Val Accuracy: 65.80%, LR: 0.000125
2025-04-26 14:49:45,323 - Epoch 88/100 - Loss: 0.9086, Accuracy: 62.98%, Val Loss: 0.9422, Val Accuracy: 65.60%, LR: 0.000125
2025-04-26 14:50:36,056 - Epoch 89/100 - Loss: 0.9032, Accuracy: 62.80%, Val Loss: 0.9463, Val Accuracy: 66.09%, LR: 0.000125
2025-04-26 14:51:24,848 - Epoch 90/100 - Loss: 0.8967, Accuracy: 63.20%, Val Loss: 0.9380, Val Accuracy: 66.16%, LR: 0.000125
2025-04-26 14:51:24,894 - New best model saved to D:\Study\Project\SignLanguageRecognition\torch_data\emotion_model.pt with val accuracy: 66.16%
2025-04-26 14:52:14,558 - Epoch 91/100 - Loss: 0.9001, Accuracy: 63.39%, Val Loss: 0.9512, Val Accuracy: 65.38%, LR: 0.000125
2025-04-26 14:53:02,213 - Epoch 92/100 - Loss: 0.8977, Accuracy: 63.44%, Val Loss: 0.9503, Val Accuracy: 65.80%, LR: 0.000125
2025-04-26 14:53:38,632 - Epoch 93/100 - Loss: 0.8920, Accuracy: 63.60%, Val Loss: 0.9461, Val Accuracy: 66.30%, LR: 0.000125
2025-04-26 14:53:38,661 - New best model saved to D:\Study\Project\SignLanguageRecognition\torch_data\emotion_model.pt with val accuracy: 66.30%
2025-04-26 14:54:13,031 - Epoch 94/100 - Loss: 0.8955, Accuracy: 63.60%, Val Loss: 0.9508, Val Accuracy: 66.31%, LR: 0.000125
2025-04-26 14:54:13,058 - New best model saved to D:\Study\Project\SignLanguageRecognition\torch_data\emotion_model.pt with val accuracy: 66.31%
2025-04-26 14:54:49,209 - Epoch 95/100 - Loss: 0.9044, Accuracy: 63.05%, Val Loss: 0.9659, Val Accuracy: 65.44%, LR: 0.000125
2025-04-26 14:55:38,951 - Epoch 96/100 - Loss: 0.8937, Accuracy: 63.42%, Val Loss: 0.9518, Val Accuracy: 65.76%, LR: 0.000063
2025-04-26 14:56:26,662 - Epoch 97/100 - Loss: 0.8869, Accuracy: 63.66%, Val Loss: 0.9461, Val Accuracy: 66.29%, LR: 0.000063
2025-04-26 14:57:14,816 - Epoch 98/100 - Loss: 0.8946, Accuracy: 63.36%, Val Loss: 0.9616, Val Accuracy: 65.83%, LR: 0.000063
2025-04-26 14:58:03,094 - Epoch 99/100 - Loss: 0.8872, Accuracy: 63.43%, Val Loss: 0.9353, Val Accuracy: 66.30%, LR: 0.000063
2025-04-26 14:58:51,307 - Epoch 100/100 - Loss: 0.8791, Accuracy: 63.55%, Val Loss: 0.9535, Val Accuracy: 65.73%, LR: 0.000063
