INFO:root:Epoch 1, Train Loss: 0.4271, Val Loss: 0.1365, Val Acc: 95.52%
INFO:root:  A: 99.10% (220/222)
INFO:root:  B: 99.02% (202/204)
INFO:root:  C: 99.54% (217/218)
INFO:root:  D: 96.93% (253/261)
INFO:root:  E: 98.05% (251/256)
INFO:root:  F: 98.35% (298/303)
INFO:root:  G: 95.16% (236/248)
INFO:root:  H: 98.82% (252/255)
INFO:root:  I: 96.31% (235/244)
INFO:root:  J: 95.80% (251/262)
INFO:root:  K: 98.99% (293/296)
INFO:root:  L: 100.00% (267/267)
INFO:root:  M: 80.86% (262/324)
INFO:root:  N: 86.54% (270/312)
INFO:root:  O: 99.57% (232/233)
INFO:root:  P: 80.32% (151/188)
INFO:root:  Q: 98.22% (221/225)
INFO:root:  R: 71.04% (184/259)
INFO:root:  S: 96.89% (280/289)
INFO:root:  T: 97.78% (220/225)
INFO:root:  U: 98.79% (245/248)
INFO:root:  V: 98.82% (252/255)
INFO:root:  W: 96.15% (225/234)
INFO:root:  X: 97.99% (244/249)
INFO:root:  Y: 99.27% (271/273)
INFO:root:  Z: 97.34% (256/263)
INFO:root:  del: 97.32% (291/299)
INFO:root:  nothing: 100.00% (308/308)
INFO:root:  space: 98.95% (284/287)
INFO:root:  Saved best model with Val Acc: 95.52%
INFO:root:Epoch 2, Train Loss: 0.2002, Val Loss: 0.1437, Val Acc: 94.96%
INFO:root:  A: 98.65% (219/222)
INFO:root:  B: 99.02% (202/204)
INFO:root:  C: 97.71% (213/218)
INFO:root:  D: 98.47% (257/261)
INFO:root:  E: 96.88% (248/256)
INFO:root:  F: 98.68% (299/303)
INFO:root:  G: 95.56% (237/248)
INFO:root:  H: 99.22% (253/255)
INFO:root:  I: 97.13% (237/244)
INFO:root:  J: 96.95% (254/262)
INFO:root:  K: 97.97% (290/296)
INFO:root:  L: 99.63% (266/267)
INFO:root:  M: 71.30% (231/324)
INFO:root:  N: 91.99% (287/312)
INFO:root:  O: 99.57% (232/233)
INFO:root:  P: 90.96% (171/188)
INFO:root:  Q: 99.11% (223/225)
INFO:root:  R: 96.14% (249/259)
INFO:root:  S: 97.92% (283/289)
INFO:root:  T: 98.22% (221/225)
INFO:root:  U: 68.55% (170/248)
INFO:root:  V: 81.18% (207/255)
INFO:root:  W: 98.29% (230/234)
INFO:root:  X: 96.79% (241/249)
INFO:root:  Y: 99.27% (271/273)
INFO:root:  Z: 97.72% (257/263)
INFO:root:  del: 96.66% (289/299)
INFO:root:  nothing: 100.00% (308/308)
INFO:root:  space: 98.95% (284/287)
INFO:root:Epoch 3, Train Loss: 0.1728, Val Loss: 0.0939, Val Acc: 97.07%
INFO:root:  A: 98.65% (219/222)
INFO:root:  B: 100.00% (204/204)
INFO:root:  C: 100.00% (218/218)
INFO:root:  D: 99.23% (259/261)
INFO:root:  E: 96.88% (248/256)
INFO:root:  F: 99.34% (301/303)
INFO:root:  G: 95.97% (238/248)
INFO:root:  H: 99.22% (253/255)
INFO:root:  I: 96.31% (235/244)
INFO:root:  J: 98.09% (257/262)
INFO:root:  K: 98.99% (293/296)
INFO:root:  L: 100.00% (267/267)
INFO:root:  M: 83.64% (271/324)
INFO:root:  N: 90.71% (283/312)
INFO:root:  O: 99.14% (231/233)
INFO:root:  P: 95.74% (180/188)
INFO:root:  Q: 96.00% (216/225)
INFO:root:  R: 93.05% (241/259)
INFO:root:  S: 97.92% (283/289)
INFO:root:  T: 97.78% (220/225)
INFO:root:  U: 97.98% (243/248)
INFO:root:  V: 95.69% (244/255)
INFO:root:  W: 96.58% (226/234)
INFO:root:  X: 97.99% (244/249)
INFO:root:  Y: 99.27% (271/273)
INFO:root:  Z: 97.72% (257/263)
INFO:root:  del: 97.66% (292/299)
INFO:root:  nothing: 100.00% (308/308)
INFO:root:  space: 99.30% (285/287)
INFO:root:  Saved best model with Val Acc: 97.07%
INFO:root:Epoch 4, Train Loss: 0.1544, Val Loss: 0.0907, Val Acc: 97.11%
INFO:root:  A: 97.75% (217/222)
INFO:root:  B: 99.02% (202/204)
INFO:root:  C: 100.00% (218/218)
INFO:root:  D: 97.32% (254/261)
INFO:root:  E: 98.83% (253/256)
INFO:root:  F: 99.34% (301/303)
INFO:root:  G: 98.79% (245/248)
INFO:root:  H: 98.43% (251/255)
INFO:root:  I: 96.31% (235/244)
INFO:root:  J: 96.95% (254/262)
INFO:root:  K: 98.99% (293/296)
INFO:root:  L: 99.63% (266/267)
INFO:root:  M: 83.02% (269/324)
INFO:root:  N: 91.99% (287/312)
INFO:root:  O: 99.57% (232/233)
INFO:root:  P: 92.02% (173/188)
INFO:root:  Q: 99.56% (224/225)
INFO:root:  R: 92.28% (239/259)
INFO:root:  S: 98.27% (284/289)
INFO:root:  T: 98.22% (221/225)
INFO:root:  U: 96.77% (240/248)
INFO:root:  V: 98.04% (250/255)
INFO:root:  W: 97.44% (228/234)
INFO:root:  X: 97.99% (244/249)
INFO:root:  Y: 99.27% (271/273)
INFO:root:  Z: 98.48% (259/263)
INFO:root:  del: 96.99% (290/299)
INFO:root:  nothing: 100.00% (308/308)
INFO:root:  space: 98.26% (282/287)
INFO:root:  Saved best model with Val Acc: 97.11%
INFO:root:Epoch 5, Train Loss: 0.1458, Val Loss: 0.0963, Val Acc: 96.91%
INFO:root:  A: 99.10% (220/222)
INFO:root:  B: 99.02% (202/204)
INFO:root:  C: 100.00% (218/218)
INFO:root:  D: 98.47% (257/261)
INFO:root:  E: 98.05% (251/256)
INFO:root:  F: 98.35% (298/303)
INFO:root:  G: 95.56% (237/248)
INFO:root:  H: 99.61% (254/255)
INFO:root:  I: 97.54% (238/244)
INFO:root:  J: 95.42% (250/262)
INFO:root:  K: 99.32% (294/296)
INFO:root:  L: 100.00% (267/267)
INFO:root:  M: 95.37% (309/324)
INFO:root:  N: 81.41% (254/312)
INFO:root:  O: 99.14% (231/233)
INFO:root:  P: 96.28% (181/188)
INFO:root:  Q: 99.56% (224/225)
INFO:root:  R: 81.85% (212/259)
INFO:root:  S: 95.85% (277/289)
INFO:root:  T: 98.22% (221/225)
INFO:root:  U: 99.19% (246/248)
INFO:root:  V: 96.86% (247/255)
INFO:root:  W: 97.01% (227/234)
INFO:root:  X: 97.59% (243/249)
INFO:root:  Y: 99.27% (271/273)
INFO:root:  Z: 98.48% (259/263)
INFO:root:  del: 97.66% (292/299)
INFO:root:  nothing: 100.00% (308/308)
INFO:root:  space: 100.00% (287/287)
INFO:root:Epoch 6, Train Loss: 0.1396, Val Loss: 0.0992, Val Acc: 96.87%
INFO:root:  A: 98.65% (219/222)
INFO:root:  B: 99.02% (202/204)
INFO:root:  C: 99.54% (217/218)
INFO:root:  D: 98.47% (257/261)
INFO:root:  E: 98.44% (252/256)
INFO:root:  F: 99.34% (301/303)
INFO:root:  G: 99.60% (247/248)
INFO:root:  H: 98.43% (251/255)
INFO:root:  I: 97.54% (238/244)
INFO:root:  J: 98.85% (259/262)
INFO:root:  K: 99.32% (294/296)
INFO:root:  L: 100.00% (267/267)
INFO:root:  M: 96.60% (313/324)
INFO:root:  N: 65.71% (205/312)
INFO:root:  O: 99.14% (231/233)
INFO:root:  P: 96.28% (181/188)
INFO:root:  Q: 99.11% (223/225)
INFO:root:  R: 89.96% (233/259)
INFO:root:  S: 99.31% (287/289)
INFO:root:  T: 97.78% (220/225)
INFO:root:  U: 99.60% (247/248)
INFO:root:  V: 99.22% (253/255)
INFO:root:  W: 96.58% (226/234)
INFO:root:  X: 97.19% (242/249)
INFO:root:  Y: 99.27% (271/273)
INFO:root:  Z: 96.20% (253/263)
INFO:root:  del: 98.33% (294/299)
INFO:root:  nothing: 100.00% (308/308)
INFO:root:  space: 97.91% (281/287)
INFO:root:Epoch 7, Train Loss: 0.1326, Val Loss: 0.0879, Val Acc: 97.28%
INFO:root:  A: 94.59% (210/222)
INFO:root:  B: 99.02% (202/204)
INFO:root:  C: 100.00% (218/218)
INFO:root:  D: 96.55% (252/261)
INFO:root:  E: 97.66% (250/256)
INFO:root:  F: 98.68% (299/303)
INFO:root:  G: 95.56% (237/248)
INFO:root:  H: 99.61% (254/255)
INFO:root:  I: 97.95% (239/244)
INFO:root:  J: 97.33% (255/262)
INFO:root:  K: 99.32% (294/296)
INFO:root:  L: 100.00% (267/267)
INFO:root:  M: 97.53% (316/324)
INFO:root:  N: 77.24% (241/312)
INFO:root:  O: 99.57% (232/233)
INFO:root:  P: 97.34% (183/188)
INFO:root:  Q: 97.33% (219/225)
INFO:root:  R: 93.05% (241/259)
INFO:root:  S: 97.58% (282/289)
INFO:root:  T: 99.11% (223/225)
INFO:root:  U: 99.60% (247/248)
INFO:root:  V: 99.22% (253/255)
INFO:root:  W: 97.01% (227/234)
INFO:root:  X: 97.99% (244/249)
INFO:root:  Y: 99.27% (271/273)
INFO:root:  Z: 98.86% (260/263)
INFO:root:  del: 98.33% (294/299)
INFO:root:  nothing: 100.00% (308/308)
INFO:root:  space: 99.30% (285/287)
INFO:root:  Saved best model with Val Acc: 97.28%
INFO:root:Epoch 8, Train Loss: 0.1286, Val Loss: 0.0703, Val Acc: 97.87%
INFO:root:  A: 99.10% (220/222)
INFO:root:  B: 99.02% (202/204)
INFO:root:  C: 100.00% (218/218)
INFO:root:  D: 97.70% (255/261)
INFO:root:  E: 97.66% (250/256)
INFO:root:  F: 99.34% (301/303)
INFO:root:  G: 96.37% (239/248)
INFO:root:  H: 99.61% (254/255)
INFO:root:  I: 96.72% (236/244)
INFO:root:  J: 98.09% (257/262)
INFO:root:  K: 99.66% (295/296)
INFO:root:  L: 100.00% (267/267)
INFO:root:  M: 93.52% (303/324)
INFO:root:  N: 89.42% (279/312)
INFO:root:  O: 99.57% (232/233)
INFO:root:  P: 96.28% (181/188)
INFO:root:  Q: 97.78% (220/225)
INFO:root:  R: 97.30% (252/259)
INFO:root:  S: 97.92% (283/289)
INFO:root:  T: 98.67% (222/225)
INFO:root:  U: 98.79% (245/248)
INFO:root:  V: 99.61% (254/255)
INFO:root:  W: 95.30% (223/234)
INFO:root:  X: 97.99% (244/249)
INFO:root:  Y: 99.27% (271/273)
INFO:root:  Z: 97.72% (257/263)
INFO:root:  del: 97.99% (293/299)
INFO:root:  nothing: 100.00% (308/308)
INFO:root:  space: 99.65% (286/287)
INFO:root:  Saved best model with Val Acc: 97.87%
INFO:root:Epoch 9, Train Loss: 0.1245, Val Loss: 0.0729, Val Acc: 97.68%
INFO:root:  A: 99.10% (220/222)
INFO:root:  B: 99.02% (202/204)
INFO:root:  C: 100.00% (218/218)
INFO:root:  D: 99.23% (259/261)
INFO:root:  E: 98.05% (251/256)
INFO:root:  F: 99.34% (301/303)
INFO:root:  G: 95.97% (238/248)
INFO:root:  H: 99.22% (253/255)
INFO:root:  I: 97.13% (237/244)
INFO:root:  J: 97.71% (256/262)
INFO:root:  K: 99.32% (294/296)
INFO:root:  L: 100.00% (267/267)
INFO:root:  M: 97.84% (317/324)
INFO:root:  N: 78.53% (245/312)
INFO:root:  O: 99.14% (231/233)
INFO:root:  P: 97.34% (183/188)
INFO:root:  Q: 96.00% (216/225)
INFO:root:  R: 95.75% (248/259)
INFO:root:  S: 98.62% (285/289)
INFO:root:  T: 97.78% (220/225)
INFO:root:  U: 99.19% (246/248)
INFO:root:  V: 99.22% (253/255)
INFO:root:  W: 97.86% (229/234)
INFO:root:  X: 97.99% (244/249)
INFO:root:  Y: 99.27% (271/273)
INFO:root:  Z: 98.86% (260/263)
INFO:root:  del: 98.66% (295/299)
INFO:root:  nothing: 100.00% (308/308)
INFO:root:  space: 99.65% (286/287)
INFO:root:Epoch 10, Train Loss: 0.1203, Val Loss: 0.0761, Val Acc: 97.79%
INFO:root:  A: 97.75% (217/222)
INFO:root:  B: 99.02% (202/204)
INFO:root:  C: 100.00% (218/218)
INFO:root:  D: 98.85% (258/261)
INFO:root:  E: 98.83% (253/256)
INFO:root:  F: 99.34% (301/303)
INFO:root:  G: 95.97% (238/248)
INFO:root:  H: 99.22% (253/255)
INFO:root:  I: 97.54% (238/244)
INFO:root:  J: 96.95% (254/262)
INFO:root:  K: 100.00% (296/296)
INFO:root:  L: 100.00% (267/267)
INFO:root:  M: 95.68% (310/324)
INFO:root:  N: 89.42% (279/312)
INFO:root:  O: 99.57% (232/233)
INFO:root:  P: 96.28% (181/188)
INFO:root:  Q: 97.78% (220/225)
INFO:root:  R: 89.19% (231/259)
INFO:root:  S: 98.96% (286/289)
INFO:root:  T: 98.67% (222/225)
INFO:root:  U: 97.58% (242/248)
INFO:root:  V: 98.82% (252/255)
INFO:root:  W: 97.86% (229/234)
INFO:root:  X: 97.99% (244/249)
INFO:root:  Y: 99.27% (271/273)
INFO:root:  Z: 98.10% (258/263)
INFO:root:  del: 99.00% (296/299)
INFO:root:  nothing: 100.00% (308/308)
INFO:root:  space: 99.30% (285/287)
INFO:root:Epoch 11, Train Loss: 0.1193, Val Loss: 0.0756, Val Acc: 97.52%
INFO:root:  A: 98.65% (219/222)
INFO:root:  B: 99.02% (202/204)
INFO:root:  C: 99.08% (216/218)
INFO:root:  D: 99.23% (259/261)
INFO:root:  E: 98.44% (252/256)
INFO:root:  F: 99.34% (301/303)
INFO:root:  G: 96.77% (240/248)
INFO:root:  H: 98.82% (252/255)
INFO:root:  I: 97.54% (238/244)
INFO:root:  J: 98.47% (258/262)
INFO:root:  K: 99.32% (294/296)
INFO:root:  L: 100.00% (267/267)
INFO:root:  M: 95.68% (310/324)
INFO:root:  N: 85.90% (268/312)
INFO:root:  O: 99.14% (231/233)
INFO:root:  P: 93.09% (175/188)
INFO:root:  Q: 99.56% (224/225)
INFO:root:  R: 89.58% (232/259)
INFO:root:  S: 98.27% (284/289)
INFO:root:  T: 98.22% (221/225)
INFO:root:  U: 97.98% (243/248)
INFO:root:  V: 97.65% (249/255)
INFO:root:  W: 97.01% (227/234)
INFO:root:  X: 97.59% (243/249)
INFO:root:  Y: 99.27% (271/273)
INFO:root:  Z: 98.10% (258/263)
INFO:root:  del: 97.99% (293/299)
INFO:root:  nothing: 100.00% (308/308)
INFO:root:  space: 99.65% (286/287)
INFO:root:Epoch 12, Train Loss: 0.1149, Val Loss: 0.0647, Val Acc: 98.21%
INFO:root:  A: 99.10% (220/222)
INFO:root:  B: 99.02% (202/204)
INFO:root:  C: 100.00% (218/218)
INFO:root:  D: 99.23% (259/261)
INFO:root:  E: 98.83% (253/256)
INFO:root:  F: 99.34% (301/303)
INFO:root:  G: 96.77% (240/248)
INFO:root:  H: 99.22% (253/255)
INFO:root:  I: 97.54% (238/244)
INFO:root:  J: 99.24% (260/262)
INFO:root:  K: 98.99% (293/296)
INFO:root:  L: 100.00% (267/267)
INFO:root:  M: 97.84% (317/324)
INFO:root:  N: 86.22% (269/312)
INFO:root:  O: 99.57% (232/233)
INFO:root:  P: 97.34% (183/188)
INFO:root:  Q: 99.11% (223/225)
INFO:root:  R: 96.91% (251/259)
INFO:root:  S: 98.62% (285/289)
INFO:root:  T: 97.78% (220/225)
INFO:root:  U: 98.39% (244/248)
INFO:root:  V: 99.61% (254/255)
INFO:root:  W: 97.01% (227/234)
INFO:root:  X: 97.99% (244/249)
INFO:root:  Y: 98.90% (270/273)
INFO:root:  Z: 98.10% (258/263)
INFO:root:  del: 99.67% (298/299)
INFO:root:  nothing: 100.00% (308/308)
INFO:root:  space: 99.65% (286/287)
INFO:root:  Saved best model with Val Acc: 98.21%
INFO:root:Epoch 13, Train Loss: 0.1123, Val Loss: 0.0697, Val Acc: 97.71%
INFO:root:  A: 98.20% (218/222)
INFO:root:  B: 99.02% (202/204)
INFO:root:  C: 100.00% (218/218)
INFO:root:  D: 97.32% (254/261)
INFO:root:  E: 98.44% (252/256)
INFO:root:  F: 98.35% (298/303)
INFO:root:  G: 95.56% (237/248)
INFO:root:  H: 99.22% (253/255)
INFO:root:  I: 97.54% (238/244)
INFO:root:  J: 98.09% (257/262)
INFO:root:  K: 99.32% (294/296)
INFO:root:  L: 100.00% (267/267)
INFO:root:  M: 97.22% (315/324)
INFO:root:  N: 81.41% (254/312)
INFO:root:  O: 99.57% (232/233)
INFO:root:  P: 95.21% (179/188)
INFO:root:  Q: 99.11% (223/225)
INFO:root:  R: 96.14% (249/259)
INFO:root:  S: 98.96% (286/289)
INFO:root:  T: 97.78% (220/225)
INFO:root:  U: 98.39% (244/248)
INFO:root:  V: 99.61% (254/255)
INFO:root:  W: 97.44% (228/234)
INFO:root:  X: 97.99% (244/249)
INFO:root:  Y: 99.27% (271/273)
INFO:root:  Z: 99.24% (261/263)
INFO:root:  del: 98.33% (294/299)
INFO:root:  nothing: 100.00% (308/308)
INFO:root:  space: 99.30% (285/287)
INFO:root:Epoch 14, Train Loss: 0.1105, Val Loss: 0.0666, Val Acc: 97.99%
INFO:root:  A: 98.65% (219/222)
INFO:root:  B: 98.53% (201/204)
INFO:root:  C: 98.62% (215/218)
INFO:root:  D: 98.85% (258/261)
INFO:root:  E: 99.22% (254/256)
INFO:root:  F: 99.34% (301/303)
INFO:root:  G: 99.60% (247/248)
INFO:root:  H: 98.43% (251/255)
INFO:root:  I: 95.90% (234/244)
INFO:root:  J: 98.85% (259/262)
INFO:root:  K: 99.32% (294/296)
INFO:root:  L: 100.00% (267/267)
INFO:root:  M: 98.46% (319/324)
INFO:root:  N: 82.05% (256/312)
INFO:root:  O: 99.57% (232/233)
INFO:root:  P: 94.15% (177/188)
INFO:root:  Q: 99.11% (223/225)
INFO:root:  R: 96.53% (250/259)
INFO:root:  S: 98.27% (284/289)
INFO:root:  T: 99.11% (223/225)
INFO:root:  U: 98.79% (245/248)
INFO:root:  V: 98.82% (252/255)
INFO:root:  W: 97.86% (229/234)
INFO:root:  X: 97.99% (244/249)
INFO:root:  Y: 99.27% (271/273)
INFO:root:  Z: 99.24% (261/263)
INFO:root:  del: 99.33% (297/299)
INFO:root:  nothing: 100.00% (308/308)
INFO:root:  space: 99.30% (285/287)
INFO:root:Epoch 15, Train Loss: 0.1140, Val Loss: 0.0653, Val Acc: 98.16%
INFO:root:  A: 99.10% (220/222)
INFO:root:  B: 98.53% (201/204)
INFO:root:  C: 100.00% (218/218)
INFO:root:  D: 98.47% (257/261)
INFO:root:  E: 99.22% (254/256)
INFO:root:  F: 99.34% (301/303)
INFO:root:  G: 98.39% (244/248)
INFO:root:  H: 98.43% (251/255)
INFO:root:  I: 97.54% (238/244)
INFO:root:  J: 98.09% (257/262)
INFO:root:  K: 99.32% (294/296)
INFO:root:  L: 100.00% (267/267)
INFO:root:  M: 97.22% (315/324)
INFO:root:  N: 89.10% (278/312)
INFO:root:  O: 99.14% (231/233)
INFO:root:  P: 95.21% (179/188)
INFO:root:  Q: 99.56% (224/225)
INFO:root:  R: 96.14% (249/259)
INFO:root:  S: 97.58% (282/289)
INFO:root:  T: 98.67% (222/225)
INFO:root:  U: 98.79% (245/248)
INFO:root:  V: 99.22% (253/255)
INFO:root:  W: 98.29% (230/234)
INFO:root:  X: 97.19% (242/249)
INFO:root:  Y: 99.63% (272/273)
INFO:root:  Z: 98.48% (259/263)
INFO:root:  del: 97.66% (292/299)
INFO:root:  nothing: 100.00% (308/308)
INFO:root:  space: 99.65% (286/287)
INFO:root:Epoch 16, Train Loss: 0.1079, Val Loss: 0.0629, Val Acc: 98.12%
INFO:root:  A: 98.20% (218/222)
INFO:root:  B: 99.02% (202/204)
INFO:root:  C: 100.00% (218/218)
INFO:root:  D: 97.70% (255/261)
INFO:root:  E: 98.83% (253/256)
INFO:root:  F: 99.34% (301/303)
INFO:root:  G: 98.39% (244/248)
INFO:root:  H: 99.22% (253/255)
INFO:root:  I: 97.95% (239/244)
INFO:root:  J: 97.33% (255/262)
INFO:root:  K: 99.32% (294/296)
INFO:root:  L: 100.00% (267/267)
INFO:root:  M: 90.74% (294/324)
INFO:root:  N: 92.95% (290/312)
INFO:root:  O: 99.57% (232/233)
INFO:root:  P: 95.74% (180/188)
INFO:root:  Q: 99.56% (224/225)
INFO:root:  R: 97.68% (253/259)
INFO:root:  S: 98.62% (285/289)
INFO:root:  T: 98.67% (222/225)
INFO:root:  U: 98.79% (245/248)
INFO:root:  V: 99.22% (253/255)
INFO:root:  W: 96.15% (225/234)
INFO:root:  X: 97.99% (244/249)
INFO:root:  Y: 99.63% (272/273)
INFO:root:  Z: 98.48% (259/263)
INFO:root:  del: 98.66% (295/299)
INFO:root:  nothing: 100.00% (308/308)
INFO:root:  space: 99.65% (286/287)
INFO:root:Epoch 17, Train Loss: 0.1106, Val Loss: 0.0665, Val Acc: 97.70%
INFO:root:  A: 98.20% (218/222)
INFO:root:  B: 98.53% (201/204)
INFO:root:  C: 100.00% (218/218)
INFO:root:  D: 98.47% (257/261)
INFO:root:  E: 98.44% (252/256)
INFO:root:  F: 99.01% (300/303)
INFO:root:  G: 96.37% (239/248)
INFO:root:  H: 99.22% (253/255)
INFO:root:  I: 98.77% (241/244)
INFO:root:  J: 98.09% (257/262)
INFO:root:  K: 99.32% (294/296)
INFO:root:  L: 99.63% (266/267)
INFO:root:  M: 95.37% (309/324)
INFO:root:  N: 81.73% (255/312)
INFO:root:  O: 99.57% (232/233)
INFO:root:  P: 95.74% (180/188)
INFO:root:  Q: 99.11% (223/225)
INFO:root:  R: 96.14% (249/259)
INFO:root:  S: 97.92% (283/289)
INFO:root:  T: 99.11% (223/225)
INFO:root:  U: 98.79% (245/248)
INFO:root:  V: 99.22% (253/255)
INFO:root:  W: 96.58% (226/234)
INFO:root:  X: 97.19% (242/249)
INFO:root:  Y: 99.27% (271/273)
INFO:root:  Z: 99.24% (261/263)
INFO:root:  del: 97.66% (292/299)
INFO:root:  nothing: 100.00% (308/308)
INFO:root:  space: 99.65% (286/287)
INFO:root:Epoch 18, Train Loss: 0.1065, Val Loss: 0.0576, Val Acc: 98.16%
INFO:root:  A: 99.10% (220/222)
INFO:root:  B: 99.02% (202/204)
INFO:root:  C: 100.00% (218/218)
INFO:root:  D: 98.08% (256/261)
INFO:root:  E: 98.44% (252/256)
INFO:root:  F: 99.34% (301/303)
INFO:root:  G: 96.37% (239/248)
INFO:root:  H: 99.22% (253/255)
INFO:root:  I: 97.54% (238/244)
INFO:root:  J: 98.09% (257/262)
INFO:root:  K: 100.00% (296/296)
INFO:root:  L: 100.00% (267/267)
INFO:root:  M: 97.53% (316/324)
INFO:root:  N: 89.10% (278/312)
INFO:root:  O: 99.57% (232/233)
INFO:root:  P: 97.34% (183/188)
INFO:root:  Q: 100.00% (225/225)
INFO:root:  R: 94.21% (244/259)
INFO:root:  S: 99.31% (287/289)
INFO:root:  T: 98.67% (222/225)
INFO:root:  U: 99.19% (246/248)
INFO:root:  V: 99.22% (253/255)
INFO:root:  W: 96.15% (225/234)
INFO:root:  X: 97.59% (243/249)
INFO:root:  Y: 99.27% (271/273)
INFO:root:  Z: 98.86% (260/263)
INFO:root:  del: 97.32% (291/299)
INFO:root:  nothing: 100.00% (308/308)
INFO:root:  space: 99.65% (286/287)
INFO:root:Epoch 19, Train Loss: 0.1049, Val Loss: 0.0733, Val Acc: 97.72%
INFO:root:  A: 98.65% (219/222)
INFO:root:  B: 99.51% (203/204)
INFO:root:  C: 100.00% (218/218)
INFO:root:  D: 97.70% (255/261)
INFO:root:  E: 99.22% (254/256)
INFO:root:  F: 99.34% (301/303)
INFO:root:  G: 96.77% (240/248)
INFO:root:  H: 99.61% (254/255)
INFO:root:  I: 96.72% (236/244)
INFO:root:  J: 97.71% (256/262)
INFO:root:  K: 98.31% (291/296)
INFO:root:  L: 100.00% (267/267)
INFO:root:  M: 95.99% (311/324)
INFO:root:  N: 85.26% (266/312)
INFO:root:  O: 98.71% (230/233)
INFO:root:  P: 96.28% (181/188)
INFO:root:  Q: 99.56% (224/225)
INFO:root:  R: 90.73% (235/259)
INFO:root:  S: 98.27% (284/289)
INFO:root:  T: 97.78% (220/225)
INFO:root:  U: 98.39% (244/248)
INFO:root:  V: 99.61% (254/255)
INFO:root:  W: 99.15% (232/234)
INFO:root:  X: 98.39% (245/249)
INFO:root:  Y: 99.27% (271/273)
INFO:root:  Z: 98.10% (258/263)
INFO:root:  del: 98.66% (295/299)
INFO:root:  nothing: 100.00% (308/308)
INFO:root:  space: 98.95% (284/287)
INFO:root:Epoch 20, Train Loss: 0.1025, Val Loss: 0.0589, Val Acc: 98.39%
INFO:root:  A: 99.10% (220/222)
INFO:root:  B: 99.51% (203/204)
INFO:root:  C: 100.00% (218/218)
INFO:root:  D: 99.62% (260/261)
INFO:root:  E: 98.83% (253/256)
INFO:root:  F: 99.34% (301/303)
INFO:root:  G: 95.56% (237/248)
INFO:root:  H: 99.22% (253/255)
INFO:root:  I: 98.36% (240/244)
INFO:root:  J: 98.47% (258/262)
INFO:root:  K: 99.32% (294/296)
INFO:root:  L: 100.00% (267/267)
INFO:root:  M: 99.07% (321/324)
INFO:root:  N: 86.54% (270/312)
INFO:root:  O: 98.71% (230/233)
INFO:root:  P: 97.87% (184/188)
INFO:root:  Q: 99.11% (223/225)
INFO:root:  R: 97.68% (253/259)
INFO:root:  S: 99.31% (287/289)
INFO:root:  T: 98.67% (222/225)
INFO:root:  U: 98.79% (245/248)
INFO:root:  V: 99.61% (254/255)
INFO:root:  W: 98.29% (230/234)
INFO:root:  X: 98.39% (245/249)
INFO:root:  Y: 99.27% (271/273)
INFO:root:  Z: 99.24% (261/263)
INFO:root:  del: 98.33% (294/299)
INFO:root:  nothing: 100.00% (308/308)
INFO:root:  space: 98.95% (284/287)
INFO:root:  Saved best model with Val Acc: 98.39%
INFO:root:Epoch 21, Train Loss: 0.1038, Val Loss: 0.0574, Val Acc: 98.23%
INFO:root:  A: 99.10% (220/222)
INFO:root:  B: 99.02% (202/204)
INFO:root:  C: 100.00% (218/218)
INFO:root:  D: 99.23% (259/261)
INFO:root:  E: 98.83% (253/256)
INFO:root:  F: 99.01% (300/303)
INFO:root:  G: 98.79% (245/248)
INFO:root:  H: 98.43% (251/255)
INFO:root:  I: 97.54% (238/244)
INFO:root:  J: 98.85% (259/262)
INFO:root:  K: 99.32% (294/296)
INFO:root:  L: 100.00% (267/267)
INFO:root:  M: 91.98% (298/324)
INFO:root:  N: 93.59% (292/312)
INFO:root:  O: 99.14% (231/233)
INFO:root:  P: 97.87% (184/188)
INFO:root:  Q: 97.78% (220/225)
INFO:root:  R: 98.84% (256/259)
INFO:root:  S: 98.96% (286/289)
INFO:root:  T: 98.22% (221/225)
INFO:root:  U: 97.58% (242/248)
INFO:root:  V: 99.22% (253/255)
INFO:root:  W: 97.01% (227/234)
INFO:root:  X: 98.39% (245/249)
INFO:root:  Y: 99.27% (271/273)
INFO:root:  Z: 97.72% (257/263)
INFO:root:  del: 97.99% (293/299)
INFO:root:  nothing: 100.00% (308/308)
INFO:root:  space: 98.95% (284/287)
INFO:root:Epoch 22, Train Loss: 0.1015, Val Loss: 0.0704, Val Acc: 97.94%
INFO:root:  A: 98.65% (219/222)
INFO:root:  B: 99.02% (202/204)
INFO:root:  C: 100.00% (218/218)
INFO:root:  D: 99.62% (260/261)
INFO:root:  E: 98.83% (253/256)
INFO:root:  F: 99.34% (301/303)
INFO:root:  G: 95.97% (238/248)
INFO:root:  H: 99.61% (254/255)
INFO:root:  I: 96.72% (236/244)
INFO:root:  J: 97.71% (256/262)
INFO:root:  K: 99.32% (294/296)
INFO:root:  L: 100.00% (267/267)
INFO:root:  M: 95.37% (309/324)
INFO:root:  N: 87.50% (273/312)
INFO:root:  O: 99.57% (232/233)
INFO:root:  P: 96.28% (181/188)
INFO:root:  Q: 96.00% (216/225)
INFO:root:  R: 95.75% (248/259)
INFO:root:  S: 98.27% (284/289)
INFO:root:  T: 98.67% (222/225)
INFO:root:  U: 99.60% (247/248)
INFO:root:  V: 99.22% (253/255)
INFO:root:  W: 97.86% (229/234)
INFO:root:  X: 97.99% (244/249)
INFO:root:  Y: 99.63% (272/273)
INFO:root:  Z: 99.24% (261/263)
INFO:root:  del: 96.66% (289/299)
INFO:root:  nothing: 100.00% (308/308)
INFO:root:  space: 99.65% (286/287)
INFO:root:Epoch 23, Train Loss: 0.1022, Val Loss: 0.0655, Val Acc: 98.00%
INFO:root:  A: 98.20% (218/222)
INFO:root:  B: 99.02% (202/204)
INFO:root:  C: 100.00% (218/218)
INFO:root:  D: 99.23% (259/261)
INFO:root:  E: 98.44% (252/256)
INFO:root:  F: 99.34% (301/303)
INFO:root:  G: 96.37% (239/248)
INFO:root:  H: 99.61% (254/255)
INFO:root:  I: 98.36% (240/244)
INFO:root:  J: 97.71% (256/262)
INFO:root:  K: 99.32% (294/296)
INFO:root:  L: 100.00% (267/267)
INFO:root:  M: 98.15% (318/324)
INFO:root:  N: 81.41% (254/312)
INFO:root:  O: 99.14% (231/233)
INFO:root:  P: 96.28% (181/188)
INFO:root:  Q: 99.56% (224/225)
INFO:root:  R: 95.37% (247/259)
INFO:root:  S: 99.65% (288/289)
INFO:root:  T: 98.67% (222/225)
INFO:root:  U: 98.39% (244/248)
INFO:root:  V: 99.61% (254/255)
INFO:root:  W: 98.29% (230/234)
INFO:root:  X: 97.59% (243/249)
INFO:root:  Y: 99.63% (272/273)
INFO:root:  Z: 99.24% (261/263)
INFO:root:  del: 98.33% (294/299)
INFO:root:  nothing: 100.00% (308/308)
INFO:root:  space: 99.65% (286/287)
INFO:root:Epoch 24, Train Loss: 0.1014, Val Loss: 0.0645, Val Acc: 98.02%
INFO:root:  A: 99.10% (220/222)
INFO:root:  B: 99.51% (203/204)
INFO:root:  C: 99.08% (216/218)
INFO:root:  D: 99.62% (260/261)
INFO:root:  E: 98.44% (252/256)
INFO:root:  F: 99.34% (301/303)
INFO:root:  G: 97.58% (242/248)
INFO:root:  H: 99.22% (253/255)
INFO:root:  I: 97.95% (239/244)
INFO:root:  J: 97.33% (255/262)
INFO:root:  K: 98.99% (293/296)
INFO:root:  L: 100.00% (267/267)
INFO:root:  M: 98.15% (318/324)
INFO:root:  N: 82.69% (258/312)
INFO:root:  O: 99.14% (231/233)
INFO:root:  P: 96.81% (182/188)
INFO:root:  Q: 98.67% (222/225)
INFO:root:  R: 94.21% (244/259)
INFO:root:  S: 97.92% (283/289)
INFO:root:  T: 98.67% (222/225)
INFO:root:  U: 99.19% (246/248)
INFO:root:  V: 99.22% (253/255)
INFO:root:  W: 98.29% (230/234)
INFO:root:  X: 98.39% (245/249)
INFO:root:  Y: 99.63% (272/273)
INFO:root:  Z: 99.24% (261/263)
INFO:root:  del: 99.00% (296/299)
INFO:root:  nothing: 100.00% (308/308)
INFO:root:  space: 99.65% (286/287)
INFO:root:Epoch 25, Train Loss: 0.0994, Val Loss: 0.0613, Val Acc: 98.18%
INFO:root:  A: 99.10% (220/222)
INFO:root:  B: 99.02% (202/204)
INFO:root:  C: 100.00% (218/218)
INFO:root:  D: 98.47% (257/261)
INFO:root:  E: 98.83% (253/256)
INFO:root:  F: 99.34% (301/303)
INFO:root:  G: 95.56% (237/248)
INFO:root:  H: 99.61% (254/255)
INFO:root:  I: 97.13% (237/244)
INFO:root:  J: 99.24% (260/262)
INFO:root:  K: 99.32% (294/296)
INFO:root:  L: 100.00% (267/267)
INFO:root:  M: 95.68% (310/324)
INFO:root:  N: 90.06% (281/312)
INFO:root:  O: 99.57% (232/233)
INFO:root:  P: 96.81% (182/188)
INFO:root:  Q: 99.11% (223/225)
INFO:root:  R: 98.07% (254/259)
INFO:root:  S: 99.31% (287/289)
INFO:root:  T: 98.22% (221/225)
INFO:root:  U: 95.97% (238/248)
INFO:root:  V: 99.61% (254/255)
INFO:root:  W: 97.44% (228/234)
INFO:root:  X: 97.99% (244/249)
INFO:root:  Y: 99.27% (271/273)
INFO:root:  Z: 98.10% (258/263)
INFO:root:  del: 98.33% (294/299)
INFO:root:  nothing: 100.00% (308/308)
INFO:root:  space: 99.30% (285/287)
INFO:root:Epoch 26, Train Loss: 0.0979, Val Loss: 0.0613, Val Acc: 98.14%
INFO:root:  A: 99.10% (220/222)
INFO:root:  B: 99.51% (203/204)
INFO:root:  C: 99.54% (217/218)
INFO:root:  D: 96.93% (253/261)
INFO:root:  E: 99.22% (254/256)
INFO:root:  F: 99.01% (300/303)
INFO:root:  G: 98.79% (245/248)
INFO:root:  H: 98.82% (252/255)
INFO:root:  I: 97.13% (237/244)
INFO:root:  J: 96.18% (252/262)
INFO:root:  K: 100.00% (296/296)
INFO:root:  L: 100.00% (267/267)
INFO:root:  M: 93.52% (303/324)
INFO:root:  N: 91.67% (286/312)
INFO:root:  O: 99.57% (232/233)
INFO:root:  P: 96.81% (182/188)
INFO:root:  Q: 98.67% (222/225)
INFO:root:  R: 93.82% (243/259)
INFO:root:  S: 98.96% (286/289)
INFO:root:  T: 99.11% (223/225)
INFO:root:  U: 99.60% (247/248)
INFO:root:  V: 99.22% (253/255)
INFO:root:  W: 99.15% (232/234)
INFO:root:  X: 98.39% (245/249)
INFO:root:  Y: 99.27% (271/273)
INFO:root:  Z: 99.24% (261/263)
INFO:root:  del: 97.66% (292/299)
INFO:root:  nothing: 100.00% (308/308)
INFO:root:  space: 99.30% (285/287)
INFO:root:Epoch 27, Train Loss: 0.0985, Val Loss: 0.0548, Val Acc: 98.40%
INFO:root:  A: 98.20% (218/222)
INFO:root:  B: 99.51% (203/204)
INFO:root:  C: 100.00% (218/218)
INFO:root:  D: 97.70% (255/261)
INFO:root:  E: 98.44% (252/256)
INFO:root:  F: 99.34% (301/303)
INFO:root:  G: 97.98% (243/248)
INFO:root:  H: 99.61% (254/255)
INFO:root:  I: 99.18% (242/244)
INFO:root:  J: 98.47% (258/262)
INFO:root:  K: 99.32% (294/296)
INFO:root:  L: 100.00% (267/267)
INFO:root:  M: 97.22% (315/324)
INFO:root:  N: 90.06% (281/312)
INFO:root:  O: 99.57% (232/233)
INFO:root:  P: 97.87% (184/188)
INFO:root:  Q: 98.22% (221/225)
INFO:root:  R: 98.46% (255/259)
INFO:root:  S: 97.92% (283/289)
INFO:root:  T: 97.78% (220/225)
INFO:root:  U: 97.98% (243/248)
INFO:root:  V: 99.22% (253/255)
INFO:root:  W: 98.72% (231/234)
INFO:root:  X: 97.99% (244/249)
INFO:root:  Y: 99.27% (271/273)
INFO:root:  Z: 99.24% (261/263)
INFO:root:  del: 98.66% (295/299)
INFO:root:  nothing: 100.00% (308/308)
INFO:root:  space: 99.30% (285/287)
INFO:root:  Saved best model with Val Acc: 98.40%
INFO:root:Epoch 28, Train Loss: 0.0972, Val Loss: 0.0553, Val Acc: 98.48%
INFO:root:  A: 99.10% (220/222)
INFO:root:  B: 99.02% (202/204)
INFO:root:  C: 100.00% (218/218)
INFO:root:  D: 98.85% (258/261)
INFO:root:  E: 98.83% (253/256)
INFO:root:  F: 99.34% (301/303)
INFO:root:  G: 99.19% (246/248)
INFO:root:  H: 99.22% (253/255)
INFO:root:  I: 97.13% (237/244)
INFO:root:  J: 98.85% (259/262)
INFO:root:  K: 99.32% (294/296)
INFO:root:  L: 100.00% (267/267)
INFO:root:  M: 94.14% (305/324)
INFO:root:  N: 93.91% (293/312)
INFO:root:  O: 99.57% (232/233)
INFO:root:  P: 96.81% (182/188)
INFO:root:  Q: 98.67% (222/225)
INFO:root:  R: 98.84% (256/259)
INFO:root:  S: 98.62% (285/289)
INFO:root:  T: 99.56% (224/225)
INFO:root:  U: 97.18% (241/248)
INFO:root:  V: 99.61% (254/255)
INFO:root:  W: 97.44% (228/234)
INFO:root:  X: 97.99% (244/249)
INFO:root:  Y: 99.27% (271/273)
INFO:root:  Z: 99.62% (262/263)
INFO:root:  del: 97.66% (292/299)
INFO:root:  nothing: 100.00% (308/308)
INFO:root:  space: 99.65% (286/287)
INFO:root:  Saved best model with Val Acc: 98.48%
INFO:root:Epoch 1, Train Loss: 0.4289, Val Loss: 0.1305, Val Acc: 96.34%
INFO:root:  A: 95.05% (211/222)
INFO:root:  B: 99.02% (202/204)
INFO:root:  C: 99.08% (216/218)
INFO:root:  D: 97.70% (255/261)
INFO:root:  E: 99.22% (254/256)
INFO:root:  F: 98.35% (298/303)
INFO:root:  G: 96.37% (239/248)
INFO:root:  H: 98.82% (252/255)
INFO:root:  I: 96.31% (235/244)
INFO:root:  J: 95.42% (250/262)
INFO:root:  K: 99.32% (294/296)
INFO:root:  L: 99.25% (265/267)
INFO:root:  M: 85.49% (277/324)
INFO:root:  N: 87.82% (274/312)
INFO:root:  O: 98.71% (230/233)
INFO:root:  P: 93.09% (175/188)
INFO:root:  Q: 99.11% (223/225)
INFO:root:  R: 89.58% (232/259)
INFO:root:  S: 96.89% (280/289)
INFO:root:  T: 99.11% (223/225)
INFO:root:  U: 95.97% (238/248)
INFO:root:  V: 93.33% (238/255)
INFO:root:  W: 97.44% (228/234)
INFO:root:  X: 97.19% (242/249)
INFO:root:  Y: 99.63% (272/273)
INFO:root:  Z: 95.82% (252/263)
INFO:root:  del: 96.99% (290/299)
INFO:root:  nothing: 99.35% (306/308)
INFO:root:  space: 97.91% (281/287)
INFO:root:  Saved best model with Val Acc: 96.34%
INFO:root:Epoch 2, Train Loss: 0.2027, Val Loss: 0.0985, Val Acc: 96.86%
INFO:root:  A: 95.95% (213/222)
INFO:root:  B: 99.02% (202/204)
INFO:root:  C: 99.54% (217/218)
INFO:root:  D: 97.70% (255/261)
INFO:root:  E: 98.83% (253/256)
INFO:root:  F: 98.68% (299/303)
INFO:root:  G: 97.18% (241/248)
INFO:root:  H: 99.22% (253/255)
INFO:root:  I: 96.31% (235/244)
INFO:root:  J: 96.95% (254/262)
INFO:root:  K: 99.32% (294/296)
INFO:root:  L: 100.00% (267/267)
INFO:root:  M: 83.64% (271/324)
INFO:root:  N: 86.54% (270/312)
INFO:root:  O: 99.14% (231/233)
INFO:root:  P: 90.96% (171/188)
INFO:root:  Q: 99.11% (223/225)
INFO:root:  R: 94.59% (245/259)
INFO:root:  S: 97.58% (282/289)
INFO:root:  T: 97.78% (220/225)
INFO:root:  U: 97.58% (242/248)
INFO:root:  V: 99.22% (253/255)
INFO:root:  W: 96.58% (226/234)
INFO:root:  X: 97.59% (243/249)
INFO:root:  Y: 99.27% (271/273)
INFO:root:  Z: 97.72% (257/263)
INFO:root:  del: 99.00% (296/299)
INFO:root:  nothing: 99.68% (307/308)
INFO:root:  space: 97.56% (280/287)
INFO:root:  Saved best model with Val Acc: 96.86%
INFO:root:Epoch 3, Train Loss: 0.1720, Val Loss: 0.0976, Val Acc: 96.92%
INFO:root:  A: 99.10% (220/222)
INFO:root:  B: 99.02% (202/204)
INFO:root:  C: 97.71% (213/218)
INFO:root:  D: 98.47% (257/261)
INFO:root:  E: 98.83% (253/256)
INFO:root:  F: 99.34% (301/303)
INFO:root:  G: 96.37% (239/248)
INFO:root:  H: 99.22% (253/255)
INFO:root:  I: 93.44% (228/244)
INFO:root:  J: 98.47% (258/262)
INFO:root:  K: 97.64% (289/296)
INFO:root:  L: 100.00% (267/267)
INFO:root:  M: 93.52% (303/324)
INFO:root:  N: 83.01% (259/312)
INFO:root:  O: 99.14% (231/233)
INFO:root:  P: 94.68% (178/188)
INFO:root:  Q: 98.22% (221/225)
INFO:root:  R: 90.35% (234/259)
INFO:root:  S: 97.92% (283/289)
INFO:root:  T: 95.11% (214/225)
INFO:root:  U: 97.18% (241/248)
INFO:root:  V: 96.86% (247/255)
INFO:root:  W: 97.01% (227/234)
INFO:root:  X: 97.99% (244/249)
INFO:root:  Y: 99.27% (271/273)
INFO:root:  Z: 99.24% (261/263)
INFO:root:  del: 98.33% (294/299)
INFO:root:  nothing: 99.35% (306/308)
INFO:root:  space: 98.26% (282/287)
INFO:root:  Saved best model with Val Acc: 96.92%
INFO:root:Epoch 4, Train Loss: 0.1530, Val Loss: 0.1039, Val Acc: 96.86%
INFO:root:  A: 99.10% (220/222)
INFO:root:  B: 99.02% (202/204)
INFO:root:  C: 98.17% (214/218)
INFO:root:  D: 98.47% (257/261)
INFO:root:  E: 96.48% (247/256)
INFO:root:  F: 98.35% (298/303)
INFO:root:  G: 96.77% (240/248)
INFO:root:  H: 98.43% (251/255)
INFO:root:  I: 95.49% (233/244)
INFO:root:  J: 98.09% (257/262)
INFO:root:  K: 99.32% (294/296)
INFO:root:  L: 97.38% (260/267)
INFO:root:  M: 91.05% (295/324)
INFO:root:  N: 81.09% (253/312)
INFO:root:  O: 99.57% (232/233)
INFO:root:  P: 91.49% (172/188)
INFO:root:  Q: 98.67% (222/225)
INFO:root:  R: 97.30% (252/259)
INFO:root:  S: 96.89% (280/289)
INFO:root:  T: 98.22% (221/225)
INFO:root:  U: 98.39% (244/248)
INFO:root:  V: 98.82% (252/255)
INFO:root:  W: 94.87% (222/234)
INFO:root:  X: 97.99% (244/249)
INFO:root:  Y: 98.53% (269/273)
INFO:root:  Z: 97.34% (256/263)
INFO:root:  del: 99.00% (296/299)
INFO:root:  nothing: 100.00% (308/308)
INFO:root:  space: 97.56% (280/287)
INFO:root:Epoch 5, Train Loss: 0.1451, Val Loss: 0.0830, Val Acc: 97.68%
INFO:root:  A: 98.65% (219/222)
INFO:root:  B: 99.02% (202/204)
INFO:root:  C: 100.00% (218/218)
INFO:root:  D: 99.23% (259/261)
INFO:root:  E: 98.44% (252/256)
INFO:root:  F: 98.35% (298/303)
INFO:root:  G: 99.19% (246/248)
INFO:root:  H: 99.22% (253/255)
INFO:root:  I: 97.95% (239/244)
INFO:root:  J: 96.95% (254/262)
INFO:root:  K: 99.32% (294/296)
INFO:root:  L: 100.00% (267/267)
INFO:root:  M: 91.67% (297/324)
INFO:root:  N: 88.78% (277/312)
INFO:root:  O: 99.57% (232/233)
INFO:root:  P: 94.68% (178/188)
INFO:root:  Q: 98.22% (221/225)
INFO:root:  R: 95.37% (247/259)
INFO:root:  S: 98.27% (284/289)
INFO:root:  T: 97.78% (220/225)
INFO:root:  U: 98.39% (244/248)
INFO:root:  V: 98.82% (252/255)
INFO:root:  W: 96.58% (226/234)
INFO:root:  X: 97.99% (244/249)
INFO:root:  Y: 99.27% (271/273)
INFO:root:  Z: 99.24% (261/263)
INFO:root:  del: 98.66% (295/299)
INFO:root:  nothing: 99.35% (306/308)
INFO:root:  space: 96.52% (277/287)
INFO:root:  Saved best model with Val Acc: 97.68%
INFO:root:Epoch 6, Train Loss: 0.1385, Val Loss: 0.0939, Val Acc: 97.35%
INFO:root:  A: 99.10% (220/222)
INFO:root:  B: 99.02% (202/204)
INFO:root:  C: 100.00% (218/218)
INFO:root:  D: 97.70% (255/261)
INFO:root:  E: 98.05% (251/256)
INFO:root:  F: 98.68% (299/303)
INFO:root:  G: 97.18% (241/248)
INFO:root:  H: 99.61% (254/255)
INFO:root:  I: 93.85% (229/244)
INFO:root:  J: 96.95% (254/262)
INFO:root:  K: 99.32% (294/296)
INFO:root:  L: 100.00% (267/267)
INFO:root:  M: 93.52% (303/324)
INFO:root:  N: 88.78% (277/312)
INFO:root:  O: 99.57% (232/233)
INFO:root:  P: 95.21% (179/188)
INFO:root:  Q: 98.22% (221/225)
INFO:root:  R: 91.51% (237/259)
INFO:root:  S: 98.62% (285/289)
INFO:root:  T: 99.11% (223/225)
INFO:root:  U: 97.18% (241/248)
INFO:root:  V: 99.22% (253/255)
INFO:root:  W: 94.02% (220/234)
INFO:root:  X: 97.99% (244/249)
INFO:root:  Y: 98.90% (270/273)
INFO:root:  Z: 98.48% (259/263)
INFO:root:  del: 97.99% (293/299)
INFO:root:  nothing: 99.35% (306/308)
INFO:root:  space: 97.91% (281/287)
INFO:root:Epoch 7, Train Loss: 0.1325, Val Loss: 0.0774, Val Acc: 97.67%
INFO:root:  A: 99.10% (220/222)
INFO:root:  B: 99.51% (203/204)
INFO:root:  C: 100.00% (218/218)
INFO:root:  D: 98.85% (258/261)
INFO:root:  E: 98.44% (252/256)
INFO:root:  F: 99.34% (301/303)
INFO:root:  G: 96.77% (240/248)
INFO:root:  H: 98.04% (250/255)
INFO:root:  I: 96.72% (236/244)
INFO:root:  J: 98.09% (257/262)
INFO:root:  K: 99.32% (294/296)
INFO:root:  L: 100.00% (267/267)
INFO:root:  M: 93.83% (304/324)
INFO:root:  N: 82.05% (256/312)
INFO:root:  O: 99.14% (231/233)
INFO:root:  P: 96.81% (182/188)
INFO:root:  Q: 99.11% (223/225)
INFO:root:  R: 96.91% (251/259)
INFO:root:  S: 98.27% (284/289)
INFO:root:  T: 99.11% (223/225)
INFO:root:  U: 98.79% (245/248)
INFO:root:  V: 99.22% (253/255)
INFO:root:  W: 96.58% (226/234)
INFO:root:  X: 97.19% (242/249)
INFO:root:  Y: 99.27% (271/273)
INFO:root:  Z: 98.86% (260/263)
INFO:root:  del: 99.00% (296/299)
INFO:root:  nothing: 99.35% (306/308)
INFO:root:  space: 98.61% (283/287)
INFO:root:Epoch 8, Train Loss: 0.1258, Val Loss: 0.0793, Val Acc: 97.72%
INFO:root:  A: 98.65% (219/222)
INFO:root:  B: 99.02% (202/204)
INFO:root:  C: 100.00% (218/218)
INFO:root:  D: 99.23% (259/261)
INFO:root:  E: 98.44% (252/256)
INFO:root:  F: 99.34% (301/303)
INFO:root:  G: 94.35% (234/248)
INFO:root:  H: 99.61% (254/255)
INFO:root:  I: 97.13% (237/244)
INFO:root:  J: 97.33% (255/262)
INFO:root:  K: 99.32% (294/296)
INFO:root:  L: 100.00% (267/267)
INFO:root:  M: 93.52% (303/324)
INFO:root:  N: 87.50% (273/312)
INFO:root:  O: 99.14% (231/233)
INFO:root:  P: 96.81% (182/188)
INFO:root:  Q: 98.67% (222/225)
INFO:root:  R: 94.21% (244/259)
INFO:root:  S: 98.62% (285/289)
INFO:root:  T: 98.67% (222/225)
INFO:root:  U: 99.60% (247/248)
INFO:root:  V: 99.22% (253/255)
INFO:root:  W: 97.01% (227/234)
INFO:root:  X: 97.99% (244/249)
INFO:root:  Y: 99.27% (271/273)
INFO:root:  Z: 97.72% (257/263)
INFO:root:  del: 98.33% (294/299)
INFO:root:  nothing: 99.68% (307/308)
INFO:root:  space: 98.26% (282/287)
INFO:root:  Saved best model with Val Acc: 97.72%
INFO:root:Epoch 9, Train Loss: 0.1238, Val Loss: 0.0775, Val Acc: 97.52%
INFO:root:  A: 98.65% (219/222)
INFO:root:  B: 98.53% (201/204)
INFO:root:  C: 100.00% (218/218)
INFO:root:  D: 97.70% (255/261)
INFO:root:  E: 98.83% (253/256)
INFO:root:  F: 99.34% (301/303)
INFO:root:  G: 97.58% (242/248)
INFO:root:  H: 99.61% (254/255)
INFO:root:  I: 95.90% (234/244)
INFO:root:  J: 97.71% (256/262)
INFO:root:  K: 99.66% (295/296)
INFO:root:  L: 100.00% (267/267)
INFO:root:  M: 88.58% (287/324)
INFO:root:  N: 91.99% (287/312)
INFO:root:  O: 99.14% (231/233)
INFO:root:  P: 93.62% (176/188)
INFO:root:  Q: 99.11% (223/225)
INFO:root:  R: 93.44% (242/259)
INFO:root:  S: 96.54% (279/289)
INFO:root:  T: 98.67% (222/225)
INFO:root:  U: 98.79% (245/248)
INFO:root:  V: 99.61% (254/255)
INFO:root:  W: 95.73% (224/234)
INFO:root:  X: 97.19% (242/249)
INFO:root:  Y: 99.27% (271/273)
INFO:root:  Z: 98.86% (260/263)
INFO:root:  del: 98.33% (294/299)
INFO:root:  nothing: 99.35% (306/308)
INFO:root:  space: 98.61% (283/287)
INFO:root:Epoch 10, Train Loss: 0.1207, Val Loss: 0.0692, Val Acc: 97.88%
INFO:root:  A: 99.10% (220/222)
INFO:root:  B: 99.02% (202/204)
INFO:root:  C: 100.00% (218/218)
INFO:root:  D: 99.62% (260/261)
INFO:root:  E: 98.44% (252/256)
INFO:root:  F: 99.34% (301/303)
INFO:root:  G: 96.77% (240/248)
INFO:root:  H: 99.61% (254/255)
INFO:root:  I: 95.08% (232/244)
INFO:root:  J: 98.85% (259/262)
INFO:root:  K: 98.99% (293/296)
INFO:root:  L: 100.00% (267/267)
INFO:root:  M: 92.28% (299/324)
INFO:root:  N: 89.74% (280/312)
INFO:root:  O: 99.57% (232/233)
INFO:root:  P: 96.81% (182/188)
INFO:root:  Q: 99.56% (224/225)
INFO:root:  R: 92.66% (240/259)
INFO:root:  S: 98.62% (285/289)
INFO:root:  T: 99.11% (223/225)
INFO:root:  U: 99.19% (246/248)
INFO:root:  V: 99.22% (253/255)
INFO:root:  W: 97.01% (227/234)
INFO:root:  X: 97.19% (242/249)
INFO:root:  Y: 99.63% (272/273)
INFO:root:  Z: 99.24% (261/263)
INFO:root:  del: 98.66% (295/299)
INFO:root:  nothing: 99.68% (307/308)
INFO:root:  space: 98.26% (282/287)
INFO:root:  Saved best model with Val Acc: 97.88%
INFO:root:Epoch 11, Train Loss: 0.1138, Val Loss: 0.0717, Val Acc: 97.88%
INFO:root:  A: 98.65% (219/222)
INFO:root:  B: 99.02% (202/204)
INFO:root:  C: 99.54% (217/218)
INFO:root:  D: 99.23% (259/261)
INFO:root:  E: 98.83% (253/256)
INFO:root:  F: 99.34% (301/303)
INFO:root:  G: 97.18% (241/248)
INFO:root:  H: 99.22% (253/255)
INFO:root:  I: 96.72% (236/244)
INFO:root:  J: 97.71% (256/262)
INFO:root:  K: 99.32% (294/296)
INFO:root:  L: 100.00% (267/267)
INFO:root:  M: 93.52% (303/324)
INFO:root:  N: 86.22% (269/312)
INFO:root:  O: 99.14% (231/233)
INFO:root:  P: 95.74% (180/188)
INFO:root:  Q: 99.56% (224/225)
INFO:root:  R: 98.07% (254/259)
INFO:root:  S: 98.96% (286/289)
INFO:root:  T: 98.22% (221/225)
INFO:root:  U: 97.58% (242/248)
INFO:root:  V: 99.22% (253/255)
INFO:root:  W: 96.58% (226/234)
INFO:root:  X: 98.39% (245/249)
INFO:root:  Y: 99.27% (271/273)
INFO:root:  Z: 99.24% (261/263)
INFO:root:  del: 98.66% (295/299)
INFO:root:  nothing: 99.35% (306/308)
INFO:root:  space: 98.61% (283/287)
INFO:root:Epoch 12, Train Loss: 0.1157, Val Loss: 0.0751, Val Acc: 97.75%
INFO:root:  A: 98.65% (219/222)
INFO:root:  B: 99.51% (203/204)
INFO:root:  C: 100.00% (218/218)
INFO:root:  D: 98.85% (258/261)
INFO:root:  E: 98.05% (251/256)
INFO:root:  F: 99.01% (300/303)
INFO:root:  G: 96.77% (240/248)
INFO:root:  H: 99.22% (253/255)
INFO:root:  I: 97.13% (237/244)
INFO:root:  J: 95.80% (251/262)
INFO:root:  K: 99.66% (295/296)
INFO:root:  L: 100.00% (267/267)
INFO:root:  M: 88.89% (288/324)
INFO:root:  N: 92.95% (290/312)
INFO:root:  O: 99.57% (232/233)
INFO:root:  P: 95.74% (180/188)
INFO:root:  Q: 99.11% (223/225)
INFO:root:  R: 97.68% (253/259)
INFO:root:  S: 98.27% (284/289)
INFO:root:  T: 99.11% (223/225)
INFO:root:  U: 97.98% (243/248)
INFO:root:  V: 97.25% (248/255)
INFO:root:  W: 97.01% (227/234)
INFO:root:  X: 97.99% (244/249)
INFO:root:  Y: 99.27% (271/273)
INFO:root:  Z: 98.10% (258/263)
INFO:root:  del: 97.99% (293/299)
INFO:root:  nothing: 99.35% (306/308)
INFO:root:  space: 98.61% (283/287)
INFO:root:Epoch 13, Train Loss: 0.1098, Val Loss: 0.0750, Val Acc: 97.74%
INFO:root:  A: 98.65% (219/222)
INFO:root:  B: 99.51% (203/204)
INFO:root:  C: 96.79% (211/218)
INFO:root:  D: 98.08% (256/261)
INFO:root:  E: 98.83% (253/256)
INFO:root:  F: 99.34% (301/303)
INFO:root:  G: 96.37% (239/248)
INFO:root:  H: 99.61% (254/255)
INFO:root:  I: 96.72% (236/244)
INFO:root:  J: 98.47% (258/262)
INFO:root:  K: 99.32% (294/296)
INFO:root:  L: 100.00% (267/267)
INFO:root:  M: 90.12% (292/324)
INFO:root:  N: 90.38% (282/312)
INFO:root:  O: 99.57% (232/233)
INFO:root:  P: 95.21% (179/188)
INFO:root:  Q: 98.67% (222/225)
INFO:root:  R: 97.68% (253/259)
INFO:root:  S: 97.92% (283/289)
INFO:root:  T: 99.11% (223/225)
INFO:root:  U: 97.58% (242/248)
INFO:root:  V: 98.43% (251/255)
INFO:root:  W: 97.86% (229/234)
INFO:root:  X: 98.80% (246/249)
INFO:root:  Y: 99.27% (271/273)
INFO:root:  Z: 98.86% (260/263)
INFO:root:  del: 97.99% (293/299)
INFO:root:  nothing: 99.68% (307/308)
INFO:root:  space: 97.91% (281/287)
INFO:root:Epoch 14, Train Loss: 0.1113, Val Loss: 0.0694, Val Acc: 97.82%
INFO:root:  A: 97.75% (217/222)
INFO:root:  B: 99.51% (203/204)
INFO:root:  C: 99.54% (217/218)
INFO:root:  D: 99.23% (259/261)
INFO:root:  E: 98.83% (253/256)
INFO:root:  F: 99.34% (301/303)
INFO:root:  G: 98.79% (245/248)
INFO:root:  H: 99.22% (253/255)
INFO:root:  I: 95.90% (234/244)
INFO:root:  J: 98.47% (258/262)
INFO:root:  K: 99.32% (294/296)
INFO:root:  L: 100.00% (267/267)
INFO:root:  M: 92.90% (301/324)
INFO:root:  N: 85.26% (266/312)
INFO:root:  O: 99.14% (231/233)
INFO:root:  P: 96.28% (181/188)
INFO:root:  Q: 99.11% (223/225)
INFO:root:  R: 94.59% (245/259)
INFO:root:  S: 98.27% (284/289)
INFO:root:  T: 98.22% (221/225)
INFO:root:  U: 99.19% (246/248)
INFO:root:  V: 99.22% (253/255)
INFO:root:  W: 97.86% (229/234)
INFO:root:  X: 97.59% (243/249)
INFO:root:  Y: 99.27% (271/273)
INFO:root:  Z: 99.24% (261/263)
INFO:root:  del: 99.33% (297/299)
INFO:root:  nothing: 99.68% (307/308)
INFO:root:  space: 98.61% (283/287)
INFO:root:Epoch 15, Train Loss: 0.1102, Val Loss: 0.0733, Val Acc: 97.79%
INFO:root:  A: 96.85% (215/222)
INFO:root:  B: 99.51% (203/204)
INFO:root:  C: 99.54% (217/218)
INFO:root:  D: 99.23% (259/261)
INFO:root:  E: 98.44% (252/256)
INFO:root:  F: 99.34% (301/303)
INFO:root:  G: 96.37% (239/248)
INFO:root:  H: 99.22% (253/255)
INFO:root:  I: 96.31% (235/244)
INFO:root:  J: 98.85% (259/262)
INFO:root:  K: 98.31% (291/296)
INFO:root:  L: 100.00% (267/267)
INFO:root:  M: 95.06% (308/324)
INFO:root:  N: 86.54% (270/312)
INFO:root:  O: 99.57% (232/233)
INFO:root:  P: 95.74% (180/188)
INFO:root:  Q: 99.56% (224/225)
INFO:root:  R: 94.98% (246/259)
INFO:root:  S: 98.62% (285/289)
INFO:root:  T: 98.67% (222/225)
INFO:root:  U: 97.98% (243/248)
INFO:root:  V: 98.82% (252/255)
INFO:root:  W: 96.58% (226/234)
INFO:root:  X: 97.99% (244/249)
INFO:root:  Y: 99.27% (271/273)
INFO:root:  Z: 99.24% (261/263)
INFO:root:  del: 99.33% (297/299)
INFO:root:  nothing: 99.35% (306/308)
INFO:root:  space: 98.61% (283/287)
INFO:root:Epoch 16, Train Loss: 0.1093, Val Loss: 0.0676, Val Acc: 98.00%
INFO:root:  A: 95.50% (212/222)
INFO:root:  B: 99.02% (202/204)
INFO:root:  C: 100.00% (218/218)
INFO:root:  D: 99.23% (259/261)
INFO:root:  E: 98.83% (253/256)
INFO:root:  F: 99.34% (301/303)
INFO:root:  G: 96.37% (239/248)
INFO:root:  H: 99.22% (253/255)
INFO:root:  I: 96.72% (236/244)
INFO:root:  J: 98.47% (258/262)
INFO:root:  K: 98.99% (293/296)
INFO:root:  L: 100.00% (267/267)
INFO:root:  M: 93.83% (304/324)
INFO:root:  N: 90.06% (281/312)
INFO:root:  O: 99.57% (232/233)
INFO:root:  P: 96.28% (181/188)
INFO:root:  Q: 99.56% (224/225)
INFO:root:  R: 97.68% (253/259)
INFO:root:  S: 98.62% (285/289)
INFO:root:  T: 98.67% (222/225)
INFO:root:  U: 97.18% (241/248)
INFO:root:  V: 99.22% (253/255)
INFO:root:  W: 97.44% (228/234)
INFO:root:  X: 97.99% (244/249)
INFO:root:  Y: 99.27% (271/273)
INFO:root:  Z: 99.24% (261/263)
INFO:root:  del: 99.00% (296/299)
INFO:root:  nothing: 99.68% (307/308)
INFO:root:  space: 98.61% (283/287)
INFO:root:  Saved best model with Val Acc: 98.00%
INFO:root:Epoch 17, Train Loss: 0.1050, Val Loss: 0.0675, Val Acc: 97.87%
INFO:root:  A: 99.10% (220/222)
INFO:root:  B: 99.51% (203/204)
INFO:root:  C: 100.00% (218/218)
INFO:root:  D: 99.23% (259/261)
INFO:root:  E: 98.44% (252/256)
INFO:root:  F: 99.34% (301/303)
INFO:root:  G: 95.56% (237/248)
INFO:root:  H: 99.61% (254/255)
INFO:root:  I: 96.72% (236/244)
INFO:root:  J: 98.09% (257/262)
INFO:root:  K: 99.32% (294/296)
INFO:root:  L: 100.00% (267/267)
INFO:root:  M: 95.99% (311/324)
INFO:root:  N: 86.54% (270/312)
INFO:root:  O: 99.57% (232/233)
INFO:root:  P: 96.28% (181/188)
INFO:root:  Q: 99.56% (224/225)
INFO:root:  R: 92.28% (239/259)
INFO:root:  S: 98.27% (284/289)
INFO:root:  T: 99.11% (223/225)
INFO:root:  U: 98.79% (245/248)
INFO:root:  V: 99.61% (254/255)
INFO:root:  W: 97.01% (227/234)
INFO:root:  X: 97.99% (244/249)
INFO:root:  Y: 99.27% (271/273)
INFO:root:  Z: 99.24% (261/263)
INFO:root:  del: 98.33% (294/299)
INFO:root:  nothing: 100.00% (308/308)
INFO:root:  space: 97.91% (281/287)
INFO:root:Epoch 18, Train Loss: 0.1058, Val Loss: 0.0679, Val Acc: 97.86%
INFO:root:  A: 99.10% (220/222)
INFO:root:  B: 99.51% (203/204)
INFO:root:  C: 99.54% (217/218)
INFO:root:  D: 99.62% (260/261)
INFO:root:  E: 98.83% (253/256)
INFO:root:  F: 99.34% (301/303)
INFO:root:  G: 97.58% (242/248)
INFO:root:  H: 98.43% (251/255)
INFO:root:  I: 96.31% (235/244)
INFO:root:  J: 97.33% (255/262)
INFO:root:  K: 99.32% (294/296)
INFO:root:  L: 100.00% (267/267)
INFO:root:  M: 88.58% (287/324)
INFO:root:  N: 90.71% (283/312)
INFO:root:  O: 99.14% (231/233)
INFO:root:  P: 98.40% (185/188)
INFO:root:  Q: 98.22% (221/225)
INFO:root:  R: 98.07% (254/259)
INFO:root:  S: 97.23% (281/289)
INFO:root:  T: 98.22% (221/225)
INFO:root:  U: 97.98% (243/248)
INFO:root:  V: 99.22% (253/255)
INFO:root:  W: 96.58% (226/234)
INFO:root:  X: 98.39% (245/249)
INFO:root:  Y: 99.63% (272/273)
INFO:root:  Z: 99.24% (261/263)
INFO:root:  del: 99.00% (296/299)
INFO:root:  nothing: 99.68% (307/308)
INFO:root:  space: 98.26% (282/287)
INFO:root:Epoch 19, Train Loss: 0.1019, Val Loss: 0.0596, Val Acc: 98.14%
INFO:root:  A: 99.10% (220/222)
INFO:root:  B: 99.02% (202/204)
INFO:root:  C: 100.00% (218/218)
INFO:root:  D: 99.23% (259/261)
INFO:root:  E: 99.22% (254/256)
INFO:root:  F: 99.34% (301/303)
INFO:root:  G: 97.18% (241/248)
INFO:root:  H: 99.61% (254/255)
INFO:root:  I: 98.77% (241/244)
INFO:root:  J: 98.85% (259/262)
INFO:root:  K: 99.32% (294/296)
INFO:root:  L: 100.00% (267/267)
INFO:root:  M: 94.44% (306/324)
INFO:root:  N: 89.42% (279/312)
INFO:root:  O: 99.57% (232/233)
INFO:root:  P: 96.81% (182/188)
INFO:root:  Q: 99.56% (224/225)
INFO:root:  R: 91.89% (238/259)
INFO:root:  S: 98.27% (284/289)
INFO:root:  T: 98.67% (222/225)
INFO:root:  U: 99.19% (246/248)
INFO:root:  V: 99.61% (254/255)
INFO:root:  W: 97.44% (228/234)
INFO:root:  X: 98.39% (245/249)
INFO:root:  Y: 99.27% (271/273)
INFO:root:  Z: 98.48% (259/263)
INFO:root:  del: 98.66% (295/299)
INFO:root:  nothing: 100.00% (308/308)
INFO:root:  space: 98.95% (284/287)
INFO:root:  Saved best model with Val Acc: 98.14%
INFO:root:Epoch 20, Train Loss: 0.1021, Val Loss: 0.0671, Val Acc: 97.96%
INFO:root:  A: 99.10% (220/222)
INFO:root:  B: 99.02% (202/204)
INFO:root:  C: 100.00% (218/218)
INFO:root:  D: 99.62% (260/261)
INFO:root:  E: 99.22% (254/256)
INFO:root:  F: 98.68% (299/303)
INFO:root:  G: 99.19% (246/248)
INFO:root:  H: 99.61% (254/255)
INFO:root:  I: 97.54% (238/244)
INFO:root:  J: 97.71% (256/262)
INFO:root:  K: 99.66% (295/296)
INFO:root:  L: 100.00% (267/267)
INFO:root:  M: 95.06% (308/324)
INFO:root:  N: 84.94% (265/312)
INFO:root:  O: 99.57% (232/233)
INFO:root:  P: 94.68% (178/188)
INFO:root:  Q: 99.11% (223/225)
INFO:root:  R: 96.91% (251/259)
INFO:root:  S: 98.96% (286/289)
INFO:root:  T: 98.67% (222/225)
INFO:root:  U: 96.77% (240/248)
INFO:root:  V: 96.47% (246/255)
INFO:root:  W: 99.57% (233/234)
INFO:root:  X: 98.39% (245/249)
INFO:root:  Y: 99.63% (272/273)
INFO:root:  Z: 99.24% (261/263)
INFO:root:  del: 98.66% (295/299)
INFO:root:  nothing: 99.35% (306/308)
INFO:root:  space: 98.26% (282/287)
INFO:root:Epoch 21, Train Loss: 0.1007, Val Loss: 0.0649, Val Acc: 98.00%
INFO:root:  A: 99.10% (220/222)
INFO:root:  B: 99.02% (202/204)
INFO:root:  C: 100.00% (218/218)
INFO:root:  D: 99.23% (259/261)
INFO:root:  E: 98.05% (251/256)
INFO:root:  F: 99.34% (301/303)
INFO:root:  G: 97.18% (241/248)
INFO:root:  H: 99.22% (253/255)
INFO:root:  I: 97.95% (239/244)
INFO:root:  J: 99.24% (260/262)
INFO:root:  K: 100.00% (296/296)
INFO:root:  L: 100.00% (267/267)
INFO:root:  M: 94.75% (307/324)
INFO:root:  N: 87.82% (274/312)
INFO:root:  O: 99.57% (232/233)
INFO:root:  P: 97.34% (183/188)
INFO:root:  Q: 98.67% (222/225)
INFO:root:  R: 95.75% (248/259)
INFO:root:  S: 98.27% (284/289)
INFO:root:  T: 98.67% (222/225)
INFO:root:  U: 97.58% (242/248)
INFO:root:  V: 99.22% (253/255)
INFO:root:  W: 96.15% (225/234)
INFO:root:  X: 98.39% (245/249)
INFO:root:  Y: 99.27% (271/273)
INFO:root:  Z: 98.86% (260/263)
INFO:root:  del: 98.66% (295/299)
INFO:root:  nothing: 99.68% (307/308)
INFO:root:  space: 97.56% (280/287)
INFO:root:Epoch 22, Train Loss: 0.0995, Val Loss: 0.0724, Val Acc: 97.78%
INFO:root:  A: 99.10% (220/222)
INFO:root:  B: 99.02% (202/204)
INFO:root:  C: 100.00% (218/218)
INFO:root:  D: 99.62% (260/261)
INFO:root:  E: 98.83% (253/256)
INFO:root:  F: 98.68% (299/303)
INFO:root:  G: 95.97% (238/248)
INFO:root:  H: 99.61% (254/255)
INFO:root:  I: 97.13% (237/244)
INFO:root:  J: 98.09% (257/262)
INFO:root:  K: 99.32% (294/296)
INFO:root:  L: 100.00% (267/267)
INFO:root:  M: 96.30% (312/324)
INFO:root:  N: 78.53% (245/312)
INFO:root:  O: 99.57% (232/233)
INFO:root:  P: 97.87% (184/188)
INFO:root:  Q: 99.56% (224/225)
INFO:root:  R: 96.14% (249/259)
INFO:root:  S: 98.62% (285/289)
INFO:root:  T: 98.67% (222/225)
INFO:root:  U: 98.39% (244/248)
INFO:root:  V: 99.61% (254/255)
INFO:root:  W: 97.01% (227/234)
INFO:root:  X: 97.99% (244/249)
INFO:root:  Y: 99.27% (271/273)
INFO:root:  Z: 99.24% (261/263)
INFO:root:  del: 99.00% (296/299)
INFO:root:  nothing: 99.68% (307/308)
INFO:root:  space: 98.95% (284/287)
INFO:root:Epoch 23, Train Loss: 0.0984, Val Loss: 0.0689, Val Acc: 98.03%
INFO:root:  A: 99.10% (220/222)
INFO:root:  B: 99.51% (203/204)
INFO:root:  C: 100.00% (218/218)
INFO:root:  D: 98.08% (256/261)
INFO:root:  E: 98.44% (252/256)
INFO:root:  F: 99.34% (301/303)
INFO:root:  G: 95.97% (238/248)
INFO:root:  H: 99.61% (254/255)
INFO:root:  I: 97.13% (237/244)
INFO:root:  J: 98.47% (258/262)
INFO:root:  K: 99.32% (294/296)
INFO:root:  L: 100.00% (267/267)
INFO:root:  M: 96.91% (314/324)
INFO:root:  N: 84.62% (264/312)
INFO:root:  O: 99.57% (232/233)
INFO:root:  P: 97.87% (184/188)
INFO:root:  Q: 100.00% (225/225)
INFO:root:  R: 96.53% (250/259)
INFO:root:  S: 98.62% (285/289)
INFO:root:  T: 99.11% (223/225)
INFO:root:  U: 99.19% (246/248)
INFO:root:  V: 99.61% (254/255)
INFO:root:  W: 97.01% (227/234)
INFO:root:  X: 97.59% (243/249)
INFO:root:  Y: 99.27% (271/273)
INFO:root:  Z: 98.86% (260/263)
INFO:root:  del: 98.66% (295/299)
INFO:root:  nothing: 99.35% (306/308)
INFO:root:  space: 98.26% (282/287)
INFO:root:Epoch 24, Train Loss: 0.1004, Val Loss: 0.0601, Val Acc: 98.18%
INFO:root:  A: 99.10% (220/222)
INFO:root:  B: 99.02% (202/204)
INFO:root:  C: 100.00% (218/218)
INFO:root:  D: 98.85% (258/261)
INFO:root:  E: 99.22% (254/256)
INFO:root:  F: 99.34% (301/303)
INFO:root:  G: 99.19% (246/248)
INFO:root:  H: 98.82% (252/255)
INFO:root:  I: 97.13% (237/244)
INFO:root:  J: 99.24% (260/262)
INFO:root:  K: 98.65% (292/296)
INFO:root:  L: 100.00% (267/267)
INFO:root:  M: 88.58% (287/324)
INFO:root:  N: 93.91% (293/312)
INFO:root:  O: 99.57% (232/233)
INFO:root:  P: 96.28% (181/188)
INFO:root:  Q: 99.11% (223/225)
INFO:root:  R: 97.30% (252/259)
INFO:root:  S: 98.62% (285/289)
INFO:root:  T: 98.67% (222/225)
INFO:root:  U: 99.19% (246/248)
INFO:root:  V: 99.22% (253/255)
INFO:root:  W: 99.15% (232/234)
INFO:root:  X: 98.39% (245/249)
INFO:root:  Y: 99.27% (271/273)
INFO:root:  Z: 98.48% (259/263)
INFO:root:  del: 97.99% (293/299)
INFO:root:  nothing: 99.35% (306/308)
INFO:root:  space: 98.61% (283/287)
INFO:root:  Saved best model with Val Acc: 98.18%
INFO:root:Epoch 25, Train Loss: 0.0966, Val Loss: 0.0670, Val Acc: 98.10%
INFO:root:  A: 98.65% (219/222)
INFO:root:  B: 99.02% (202/204)
INFO:root:  C: 100.00% (218/218)
INFO:root:  D: 99.62% (260/261)
INFO:root:  E: 97.66% (250/256)
INFO:root:  F: 99.34% (301/303)
INFO:root:  G: 95.56% (237/248)
INFO:root:  H: 99.61% (254/255)
INFO:root:  I: 95.49% (233/244)
INFO:root:  J: 98.47% (258/262)
INFO:root:  K: 99.32% (294/296)
INFO:root:  L: 100.00% (267/267)
INFO:root:  M: 95.68% (310/324)
INFO:root:  N: 89.10% (278/312)
INFO:root:  O: 99.57% (232/233)
INFO:root:  P: 96.81% (182/188)
INFO:root:  Q: 99.11% (223/225)
INFO:root:  R: 99.61% (258/259)
INFO:root:  S: 98.27% (284/289)
INFO:root:  T: 99.56% (224/225)
INFO:root:  U: 96.77% (240/248)
INFO:root:  V: 99.61% (254/255)
INFO:root:  W: 98.29% (230/234)
INFO:root:  X: 96.79% (241/249)
INFO:root:  Y: 99.27% (271/273)
INFO:root:  Z: 98.86% (260/263)
INFO:root:  del: 99.00% (296/299)
INFO:root:  nothing: 99.68% (307/308)
INFO:root:  space: 97.91% (281/287)
INFO:root:Epoch 26, Train Loss: 0.0672, Val Loss: 0.0493, Val Acc: 98.64%
INFO:root:  A: 98.65% (219/222)
INFO:root:  B: 99.51% (203/204)
INFO:root:  C: 100.00% (218/218)
INFO:root:  D: 99.62% (260/261)
INFO:root:  E: 99.22% (254/256)
INFO:root:  F: 99.34% (301/303)
INFO:root:  G: 98.39% (244/248)
INFO:root:  H: 99.61% (254/255)
INFO:root:  I: 97.95% (239/244)
INFO:root:  J: 98.85% (259/262)
INFO:root:  K: 99.32% (294/296)
INFO:root:  L: 100.00% (267/267)
INFO:root:  M: 95.68% (310/324)
INFO:root:  N: 90.71% (283/312)
INFO:root:  O: 99.57% (232/233)
INFO:root:  P: 97.34% (183/188)
INFO:root:  Q: 99.56% (224/225)
INFO:root:  R: 99.61% (258/259)
INFO:root:  S: 98.96% (286/289)
INFO:root:  T: 99.11% (223/225)
INFO:root:  U: 99.19% (246/248)
INFO:root:  V: 99.61% (254/255)
INFO:root:  W: 98.72% (231/234)
INFO:root:  X: 97.99% (244/249)
INFO:root:  Y: 99.27% (271/273)
INFO:root:  Z: 99.24% (261/263)
INFO:root:  del: 99.33% (297/299)
INFO:root:  nothing: 99.35% (306/308)
INFO:root:  space: 98.95% (284/287)
INFO:root:  Saved best model with Val Acc: 98.64%
INFO:root:Epoch 27, Train Loss: 0.0588, Val Loss: 0.0471, Val Acc: 98.61%
INFO:root:  A: 99.10% (220/222)
INFO:root:  B: 99.51% (203/204)
INFO:root:  C: 100.00% (218/218)
INFO:root:  D: 99.23% (259/261)
INFO:root:  E: 99.22% (254/256)
INFO:root:  F: 99.34% (301/303)
INFO:root:  G: 98.39% (244/248)
INFO:root:  H: 99.61% (254/255)
INFO:root:  I: 98.36% (240/244)
INFO:root:  J: 99.24% (260/262)
INFO:root:  K: 100.00% (296/296)
INFO:root:  L: 100.00% (267/267)
INFO:root:  M: 94.75% (307/324)
INFO:root:  N: 90.38% (282/312)
INFO:root:  O: 99.57% (232/233)
INFO:root:  P: 96.81% (182/188)
INFO:root:  Q: 99.56% (224/225)
INFO:root:  R: 98.84% (256/259)
INFO:root:  S: 98.96% (286/289)
INFO:root:  T: 99.11% (223/225)
INFO:root:  U: 99.19% (246/248)
INFO:root:  V: 99.61% (254/255)
INFO:root:  W: 98.72% (231/234)
INFO:root:  X: 98.39% (245/249)
INFO:root:  Y: 99.27% (271/273)
INFO:root:  Z: 99.24% (261/263)
INFO:root:  del: 99.33% (297/299)
INFO:root:  nothing: 99.35% (306/308)
INFO:root:  space: 98.95% (284/287)
INFO:root:Epoch 28, Train Loss: 0.0546, Val Loss: 0.0477, Val Acc: 98.63%
INFO:root:  A: 99.10% (220/222)
INFO:root:  B: 99.51% (203/204)
INFO:root:  C: 100.00% (218/218)
INFO:root:  D: 99.62% (260/261)
INFO:root:  E: 99.22% (254/256)
INFO:root:  F: 99.34% (301/303)
INFO:root:  G: 97.98% (243/248)
INFO:root:  H: 99.61% (254/255)
INFO:root:  I: 97.54% (238/244)
INFO:root:  J: 99.62% (261/262)
INFO:root:  K: 100.00% (296/296)
INFO:root:  L: 100.00% (267/267)
INFO:root:  M: 95.37% (309/324)
INFO:root:  N: 89.74% (280/312)
INFO:root:  O: 99.57% (232/233)
INFO:root:  P: 96.81% (182/188)
INFO:root:  Q: 99.56% (224/225)
INFO:root:  R: 98.46% (255/259)
INFO:root:  S: 98.96% (286/289)
INFO:root:  T: 99.56% (224/225)
INFO:root:  U: 99.60% (247/248)
INFO:root:  V: 99.61% (254/255)
INFO:root:  W: 99.15% (232/234)
INFO:root:  X: 98.39% (245/249)
INFO:root:  Y: 99.27% (271/273)
INFO:root:  Z: 99.24% (261/263)
INFO:root:  del: 99.33% (297/299)
INFO:root:  nothing: 99.35% (306/308)
INFO:root:  space: 98.95% (284/287)
INFO:root:Epoch 29, Train Loss: 0.0524, Val Loss: 0.0478, Val Acc: 98.68%
INFO:root:  A: 99.10% (220/222)
INFO:root:  B: 99.51% (203/204)
INFO:root:  C: 100.00% (218/218)
INFO:root:  D: 99.62% (260/261)
INFO:root:  E: 99.22% (254/256)
INFO:root:  F: 99.34% (301/303)
INFO:root:  G: 96.77% (240/248)
INFO:root:  H: 99.61% (254/255)
INFO:root:  I: 97.95% (239/244)
INFO:root:  J: 99.62% (261/262)
INFO:root:  K: 100.00% (296/296)
INFO:root:  L: 100.00% (267/267)
INFO:root:  M: 96.91% (314/324)
INFO:root:  N: 89.10% (278/312)
INFO:root:  O: 99.57% (232/233)
INFO:root:  P: 97.34% (183/188)
INFO:root:  Q: 99.56% (224/225)
INFO:root:  R: 99.61% (258/259)
INFO:root:  S: 98.96% (286/289)
INFO:root:  T: 99.56% (224/225)
INFO:root:  U: 99.60% (247/248)
INFO:root:  V: 99.61% (254/255)
INFO:root:  W: 98.72% (231/234)
INFO:root:  X: 98.39% (245/249)
INFO:root:  Y: 99.27% (271/273)
INFO:root:  Z: 99.24% (261/263)
INFO:root:  del: 99.33% (297/299)
INFO:root:  nothing: 99.35% (306/308)
INFO:root:  space: 98.95% (284/287)
INFO:root:  Saved best model with Val Acc: 98.68%
INFO:root:Epoch 30, Train Loss: 0.0511, Val Loss: 0.0448, Val Acc: 98.73%
INFO:root:  A: 99.10% (220/222)
INFO:root:  B: 99.51% (203/204)
INFO:root:  C: 100.00% (218/218)
INFO:root:  D: 99.62% (260/261)
INFO:root:  E: 99.22% (254/256)
INFO:root:  F: 99.34% (301/303)
INFO:root:  G: 97.98% (243/248)
INFO:root:  H: 99.61% (254/255)
INFO:root:  I: 97.95% (239/244)
INFO:root:  J: 99.24% (260/262)
INFO:root:  K: 100.00% (296/296)
INFO:root:  L: 100.00% (267/267)
INFO:root:  M: 95.68% (310/324)
INFO:root:  N: 91.35% (285/312)
INFO:root:  O: 99.57% (232/233)
INFO:root:  P: 97.34% (183/188)
INFO:root:  Q: 99.56% (224/225)
INFO:root:  R: 99.61% (258/259)
INFO:root:  S: 98.96% (286/289)
INFO:root:  T: 99.11% (223/225)
INFO:root:  U: 99.60% (247/248)
INFO:root:  V: 99.61% (254/255)
INFO:root:  W: 97.86% (229/234)
INFO:root:  X: 98.80% (246/249)
INFO:root:  Y: 99.27% (271/273)
INFO:root:  Z: 99.24% (261/263)
INFO:root:  del: 99.33% (297/299)
INFO:root:  nothing: 99.68% (307/308)
INFO:root:  space: 98.95% (284/287)
INFO:root:  Saved best model with Val Acc: 98.73%
INFO:root:Test Accuracy: 98.72%
INFO:root:  A: 98.78% (242/245)
INFO:root:  B: 99.58% (239/240)
INFO:root:  C: 99.08% (216/218)
INFO:root:  D: 99.63% (268/269)
INFO:root:  E: 99.18% (243/245)
INFO:root:  F: 98.90% (270/273)
INFO:root:  G: 99.25% (266/268)
INFO:root:  H: 99.22% (253/255)
INFO:root:  I: 98.22% (221/225)
INFO:root:  J: 99.30% (283/285)
INFO:root:  K: 99.66% (294/295)
INFO:root:  L: 100.00% (235/235)
INFO:root:  M: 97.11% (302/311)
INFO:root:  N: 91.95% (297/323)
INFO:root:  O: 98.92% (275/278)
INFO:root:  P: 98.15% (212/216)
INFO:root:  Q: 99.53% (210/211)
INFO:root:  R: 96.89% (249/257)
INFO:root:  S: 98.48% (259/263)
INFO:root:  T: 99.60% (248/249)
INFO:root:  U: 99.22% (253/255)
INFO:root:  V: 99.62% (265/266)
INFO:root:  W: 97.38% (260/267)
INFO:root:  X: 98.09% (205/209)
INFO:root:  Y: 100.00% (242/242)
INFO:root:  Z: 100.00% (203/203)
INFO:root:  del: 99.28% (277/279)
INFO:root:  nothing: 100.00% (307/307)
INFO:root:  space: 99.69% (317/318)
INFO:root:Epoch 1, Train Loss: 0.4286, Val Loss: 0.1519, Val Acc: 94.61%
INFO:root:  A: 91.44% (203/222)
INFO:root:  B: 99.02% (202/204)
INFO:root:  C: 100.00% (218/218)
INFO:root:  D: 97.70% (255/261)
INFO:root:  E: 98.44% (252/256)
INFO:root:  F: 98.35% (298/303)
INFO:root:  G: 97.98% (243/248)
INFO:root:  H: 98.43% (251/255)
INFO:root:  I: 97.13% (237/244)
INFO:root:  J: 95.04% (249/262)
INFO:root:  K: 97.30% (288/296)
INFO:root:  L: 100.00% (267/267)
INFO:root:  M: 54.32% (176/324)
INFO:root:  N: 94.87% (296/312)
INFO:root:  O: 99.14% (231/233)
INFO:root:  P: 93.09% (175/188)
INFO:root:  Q: 96.89% (218/225)
INFO:root:  R: 83.40% (216/259)
INFO:root:  S: 97.23% (281/289)
INFO:root:  T: 98.22% (221/225)
INFO:root:  U: 96.37% (239/248)
INFO:root:  V: 83.53% (213/255)
INFO:root:  W: 95.30% (223/234)
INFO:root:  X: 97.19% (242/249)
INFO:root:  Y: 99.27% (271/273)
INFO:root:  Z: 96.20% (253/263)
INFO:root:  del: 97.66% (292/299)
INFO:root:  nothing: 100.00% (308/308)
INFO:root:  space: 98.95% (284/287)
INFO:root:  Saved best model with Val Acc: 94.61%
INFO:root:Epoch 2, Train Loss: 0.1964, Val Loss: 0.1080, Val Acc: 96.66%
INFO:root:  A: 96.85% (215/222)
INFO:root:  B: 99.02% (202/204)
INFO:root:  C: 99.54% (217/218)
INFO:root:  D: 97.70% (255/261)
INFO:root:  E: 98.83% (253/256)
INFO:root:  F: 98.35% (298/303)
INFO:root:  G: 97.98% (243/248)
INFO:root:  H: 98.82% (252/255)
INFO:root:  I: 96.31% (235/244)
INFO:root:  J: 95.80% (251/262)
INFO:root:  K: 99.32% (294/296)
INFO:root:  L: 100.00% (267/267)
INFO:root:  M: 91.36% (296/324)
INFO:root:  N: 81.73% (255/312)
INFO:root:  O: 99.57% (232/233)
INFO:root:  P: 90.96% (171/188)
INFO:root:  Q: 98.22% (221/225)
INFO:root:  R: 86.49% (224/259)
INFO:root:  S: 95.50% (276/289)
INFO:root:  T: 98.22% (221/225)
INFO:root:  U: 97.18% (241/248)
INFO:root:  V: 99.22% (253/255)
INFO:root:  W: 96.15% (225/234)
INFO:root:  X: 97.99% (244/249)
INFO:root:  Y: 99.27% (271/273)
INFO:root:  Z: 97.34% (256/263)
INFO:root:  del: 98.33% (294/299)
INFO:root:  nothing: 100.00% (308/308)
INFO:root:  space: 99.65% (286/287)
INFO:root:  Saved best model with Val Acc: 96.66%
INFO:root:Epoch 3, Train Loss: 0.1714, Val Loss: 0.1033, Val Acc: 96.67%
INFO:root:  A: 97.75% (217/222)
INFO:root:  B: 99.02% (202/204)
INFO:root:  C: 97.71% (213/218)
INFO:root:  D: 98.08% (256/261)
INFO:root:  E: 98.44% (252/256)
INFO:root:  F: 99.34% (301/303)
INFO:root:  G: 97.18% (241/248)
INFO:root:  H: 99.22% (253/255)
INFO:root:  I: 95.08% (232/244)
INFO:root:  J: 98.09% (257/262)
INFO:root:  K: 99.32% (294/296)
INFO:root:  L: 100.00% (267/267)
INFO:root:  M: 93.52% (303/324)
INFO:root:  N: 69.55% (217/312)
INFO:root:  O: 99.14% (231/233)
INFO:root:  P: 96.28% (181/188)
INFO:root:  Q: 99.56% (224/225)
INFO:root:  R: 90.35% (234/259)
INFO:root:  S: 96.89% (280/289)
INFO:root:  T: 98.22% (221/225)
INFO:root:  U: 98.79% (245/248)
INFO:root:  V: 97.25% (248/255)
INFO:root:  W: 97.86% (229/234)
INFO:root:  X: 97.19% (242/249)
INFO:root:  Y: 99.27% (271/273)
INFO:root:  Z: 98.10% (258/263)
INFO:root:  del: 98.33% (294/299)
INFO:root:  nothing: 100.00% (308/308)
INFO:root:  space: 99.65% (286/287)
INFO:root:  Saved best model with Val Acc: 96.67%
INFO:root:Epoch 4, Train Loss: 0.1515, Val Loss: 0.0817, Val Acc: 97.58%
INFO:root:  A: 97.30% (216/222)
INFO:root:  B: 99.02% (202/204)
INFO:root:  C: 100.00% (218/218)
INFO:root:  D: 98.85% (258/261)
INFO:root:  E: 98.83% (253/256)
INFO:root:  F: 99.01% (300/303)
INFO:root:  G: 97.18% (241/248)
INFO:root:  H: 98.82% (252/255)
INFO:root:  I: 96.31% (235/244)
INFO:root:  J: 98.47% (258/262)
INFO:root:  K: 99.32% (294/296)
INFO:root:  L: 100.00% (267/267)
INFO:root:  M: 92.90% (301/324)
INFO:root:  N: 89.10% (278/312)
INFO:root:  O: 99.14% (231/233)
INFO:root:  P: 93.09% (175/188)
INFO:root:  Q: 98.22% (221/225)
INFO:root:  R: 93.44% (242/259)
INFO:root:  S: 97.92% (283/289)
INFO:root:  T: 97.33% (219/225)
INFO:root:  U: 98.79% (245/248)
INFO:root:  V: 98.82% (252/255)
INFO:root:  W: 98.72% (231/234)
INFO:root:  X: 97.99% (244/249)
INFO:root:  Y: 99.27% (271/273)
INFO:root:  Z: 95.82% (252/263)
INFO:root:  del: 97.99% (293/299)
INFO:root:  nothing: 100.00% (308/308)
INFO:root:  space: 99.30% (285/287)
INFO:root:  Saved best model with Val Acc: 97.58%
INFO:root:Epoch 5, Train Loss: 0.1473, Val Loss: 0.0939, Val Acc: 97.06%
INFO:root:  A: 95.05% (211/222)
INFO:root:  B: 99.51% (203/204)
INFO:root:  C: 100.00% (218/218)
INFO:root:  D: 98.85% (258/261)
INFO:root:  E: 98.05% (251/256)
INFO:root:  F: 99.01% (300/303)
INFO:root:  G: 93.95% (233/248)
INFO:root:  H: 99.22% (253/255)
INFO:root:  I: 92.62% (226/244)
INFO:root:  J: 98.85% (259/262)
INFO:root:  K: 99.32% (294/296)
INFO:root:  L: 100.00% (267/267)
INFO:root:  M: 95.06% (308/324)
INFO:root:  N: 86.22% (269/312)
INFO:root:  O: 98.71% (230/233)
INFO:root:  P: 95.21% (179/188)
INFO:root:  Q: 99.11% (223/225)
INFO:root:  R: 91.12% (236/259)
INFO:root:  S: 98.27% (284/289)
INFO:root:  T: 99.11% (223/225)
INFO:root:  U: 98.79% (245/248)
INFO:root:  V: 90.98% (232/255)
INFO:root:  W: 97.01% (227/234)
INFO:root:  X: 97.99% (244/249)
INFO:root:  Y: 99.27% (271/273)
INFO:root:  Z: 98.10% (258/263)
INFO:root:  del: 97.32% (291/299)
INFO:root:  nothing: 100.00% (308/308)
INFO:root:  space: 99.30% (285/287)
INFO:root:Epoch 6, Train Loss: 0.1403, Val Loss: 0.0832, Val Acc: 97.47%
INFO:root:  A: 97.30% (216/222)
INFO:root:  B: 99.51% (203/204)
INFO:root:  C: 100.00% (218/218)
INFO:root:  D: 98.08% (256/261)
INFO:root:  E: 99.22% (254/256)
INFO:root:  F: 99.01% (300/303)
INFO:root:  G: 98.79% (245/248)
INFO:root:  H: 99.61% (254/255)
INFO:root:  I: 97.13% (237/244)
INFO:root:  J: 96.95% (254/262)
INFO:root:  K: 99.32% (294/296)
INFO:root:  L: 100.00% (267/267)
INFO:root:  M: 79.32% (257/324)
INFO:root:  N: 96.15% (300/312)
INFO:root:  O: 99.57% (232/233)
INFO:root:  P: 94.15% (177/188)
INFO:root:  Q: 98.67% (222/225)
INFO:root:  R: 94.59% (245/259)
INFO:root:  S: 96.19% (278/289)
INFO:root:  T: 97.78% (220/225)
INFO:root:  U: 98.79% (245/248)
INFO:root:  V: 99.61% (254/255)
INFO:root:  W: 97.01% (227/234)
INFO:root:  X: 97.19% (242/249)
INFO:root:  Y: 99.27% (271/273)
INFO:root:  Z: 99.24% (261/263)
INFO:root:  del: 98.33% (294/299)
INFO:root:  nothing: 100.00% (308/308)
INFO:root:  space: 99.65% (286/287)
INFO:root:Epoch 7, Train Loss: 0.1308, Val Loss: 0.0679, Val Acc: 97.86%
INFO:root:  A: 98.65% (219/222)
INFO:root:  B: 99.02% (202/204)
INFO:root:  C: 99.54% (217/218)
INFO:root:  D: 98.47% (257/261)
INFO:root:  E: 98.83% (253/256)
INFO:root:  F: 99.01% (300/303)
INFO:root:  G: 95.56% (237/248)
INFO:root:  H: 98.43% (251/255)
INFO:root:  I: 97.54% (238/244)
INFO:root:  J: 99.24% (260/262)
INFO:root:  K: 99.32% (294/296)
INFO:root:  L: 100.00% (267/267)
INFO:root:  M: 88.89% (288/324)
INFO:root:  N: 91.99% (287/312)
INFO:root:  O: 99.14% (231/233)
INFO:root:  P: 97.34% (183/188)
INFO:root:  Q: 99.11% (223/225)
INFO:root:  R: 97.30% (252/259)
INFO:root:  S: 98.96% (286/289)
INFO:root:  T: 98.67% (222/225)
INFO:root:  U: 97.98% (243/248)
INFO:root:  V: 99.22% (253/255)
INFO:root:  W: 96.58% (226/234)
INFO:root:  X: 97.19% (242/249)
INFO:root:  Y: 99.27% (271/273)
INFO:root:  Z: 96.96% (255/263)
INFO:root:  del: 98.33% (294/299)
INFO:root:  nothing: 100.00% (308/308)
INFO:root:  space: 100.00% (287/287)
INFO:root:  Saved best model with Val Acc: 97.86%
INFO:root:Epoch 8, Train Loss: 0.1249, Val Loss: 0.0723, Val Acc: 97.83%
INFO:root:  A: 98.20% (218/222)
INFO:root:  B: 99.02% (202/204)
INFO:root:  C: 100.00% (218/218)
INFO:root:  D: 99.23% (259/261)
INFO:root:  E: 98.83% (253/256)
INFO:root:  F: 99.01% (300/303)
INFO:root:  G: 95.97% (238/248)
INFO:root:  H: 99.61% (254/255)
INFO:root:  I: 97.13% (237/244)
INFO:root:  J: 99.24% (260/262)
INFO:root:  K: 99.32% (294/296)
INFO:root:  L: 100.00% (267/267)
INFO:root:  M: 89.81% (291/324)
INFO:root:  N: 93.91% (293/312)
INFO:root:  O: 99.14% (231/233)
INFO:root:  P: 97.87% (184/188)
INFO:root:  Q: 97.33% (219/225)
INFO:root:  R: 92.66% (240/259)
INFO:root:  S: 98.96% (286/289)
INFO:root:  T: 99.11% (223/225)
INFO:root:  U: 95.16% (236/248)
INFO:root:  V: 97.65% (249/255)
INFO:root:  W: 97.86% (229/234)
INFO:root:  X: 97.99% (244/249)
INFO:root:  Y: 99.27% (271/273)
INFO:root:  Z: 99.24% (261/263)
INFO:root:  del: 97.99% (293/299)
INFO:root:  nothing: 99.68% (307/308)
INFO:root:  space: 100.00% (287/287)
INFO:root:Epoch 9, Train Loss: 0.1239, Val Loss: 0.0648, Val Acc: 97.96%
INFO:root:  A: 98.65% (219/222)
INFO:root:  B: 98.53% (201/204)
INFO:root:  C: 100.00% (218/218)
INFO:root:  D: 98.47% (257/261)
INFO:root:  E: 98.83% (253/256)
INFO:root:  F: 99.34% (301/303)
INFO:root:  G: 95.56% (237/248)
INFO:root:  H: 99.61% (254/255)
INFO:root:  I: 97.54% (238/244)
INFO:root:  J: 98.85% (259/262)
INFO:root:  K: 99.32% (294/296)
INFO:root:  L: 98.50% (263/267)
INFO:root:  M: 92.28% (299/324)
INFO:root:  N: 91.67% (286/312)
INFO:root:  O: 99.57% (232/233)
INFO:root:  P: 95.21% (179/188)
INFO:root:  Q: 99.56% (224/225)
INFO:root:  R: 95.37% (247/259)
INFO:root:  S: 98.27% (284/289)
INFO:root:  T: 99.11% (223/225)
INFO:root:  U: 97.98% (243/248)
INFO:root:  V: 99.61% (254/255)
INFO:root:  W: 96.58% (226/234)
INFO:root:  X: 97.99% (244/249)
INFO:root:  Y: 99.27% (271/273)
INFO:root:  Z: 98.10% (258/263)
INFO:root:  del: 98.66% (295/299)
INFO:root:  nothing: 100.00% (308/308)
INFO:root:  space: 100.00% (287/287)
INFO:root:  Saved best model with Val Acc: 97.96%
INFO:root:Epoch 10, Train Loss: 0.1233, Val Loss: 0.0681, Val Acc: 97.96%
INFO:root:  A: 99.10% (220/222)
INFO:root:  B: 100.00% (204/204)
INFO:root:  C: 99.54% (217/218)
INFO:root:  D: 98.85% (258/261)
INFO:root:  E: 98.83% (253/256)
INFO:root:  F: 99.34% (301/303)
INFO:root:  G: 95.97% (238/248)
INFO:root:  H: 99.61% (254/255)
INFO:root:  I: 96.72% (236/244)
INFO:root:  J: 98.47% (258/262)
INFO:root:  K: 99.32% (294/296)
INFO:root:  L: 100.00% (267/267)
INFO:root:  M: 95.37% (309/324)
INFO:root:  N: 85.58% (267/312)
INFO:root:  O: 99.57% (232/233)
INFO:root:  P: 96.28% (181/188)
INFO:root:  Q: 97.33% (219/225)
INFO:root:  R: 96.91% (251/259)
INFO:root:  S: 98.62% (285/289)
INFO:root:  T: 98.22% (221/225)
INFO:root:  U: 99.60% (247/248)
INFO:root:  V: 99.61% (254/255)
INFO:root:  W: 96.58% (226/234)
INFO:root:  X: 97.99% (244/249)
INFO:root:  Y: 99.63% (272/273)
INFO:root:  Z: 97.72% (257/263)
INFO:root:  del: 98.33% (294/299)
INFO:root:  nothing: 100.00% (308/308)
INFO:root:  space: 100.00% (287/287)
INFO:root:Epoch 11, Train Loss: 0.1156, Val Loss: 0.0650, Val Acc: 98.08%
INFO:root:  A: 98.20% (218/222)
INFO:root:  B: 99.02% (202/204)
INFO:root:  C: 100.00% (218/218)
INFO:root:  D: 99.62% (260/261)
INFO:root:  E: 98.83% (253/256)
INFO:root:  F: 99.34% (301/303)
INFO:root:  G: 95.97% (238/248)
INFO:root:  H: 99.22% (253/255)
INFO:root:  I: 95.90% (234/244)
INFO:root:  J: 98.85% (259/262)
INFO:root:  K: 99.66% (295/296)
INFO:root:  L: 99.63% (266/267)
INFO:root:  M: 92.59% (300/324)
INFO:root:  N: 92.63% (289/312)
INFO:root:  O: 99.14% (231/233)
INFO:root:  P: 94.68% (178/188)
INFO:root:  Q: 99.11% (223/225)
INFO:root:  R: 97.68% (253/259)
INFO:root:  S: 96.54% (279/289)
INFO:root:  T: 98.22% (221/225)
INFO:root:  U: 98.79% (245/248)
INFO:root:  V: 99.22% (253/255)
INFO:root:  W: 98.29% (230/234)
INFO:root:  X: 98.39% (245/249)
INFO:root:  Y: 99.27% (271/273)
INFO:root:  Z: 98.10% (258/263)
INFO:root:  del: 98.66% (295/299)
INFO:root:  nothing: 100.00% (308/308)
INFO:root:  space: 100.00% (287/287)
INFO:root:  Saved best model with Val Acc: 98.08%
INFO:root:Epoch 12, Train Loss: 0.1159, Val Loss: 0.0714, Val Acc: 97.70%
INFO:root:  A: 98.65% (219/222)
INFO:root:  B: 100.00% (204/204)
INFO:root:  C: 100.00% (218/218)
INFO:root:  D: 97.70% (255/261)
INFO:root:  E: 98.83% (253/256)
INFO:root:  F: 99.34% (301/303)
INFO:root:  G: 95.97% (238/248)
INFO:root:  H: 99.61% (254/255)
INFO:root:  I: 96.31% (235/244)
INFO:root:  J: 97.71% (256/262)
INFO:root:  K: 99.32% (294/296)
INFO:root:  L: 100.00% (267/267)
INFO:root:  M: 93.21% (302/324)
INFO:root:  N: 86.22% (269/312)
INFO:root:  O: 99.57% (232/233)
INFO:root:  P: 94.68% (178/188)
INFO:root:  Q: 98.67% (222/225)
INFO:root:  R: 94.21% (244/259)
INFO:root:  S: 98.62% (285/289)
INFO:root:  T: 99.11% (223/225)
INFO:root:  U: 96.37% (239/248)
INFO:root:  V: 99.22% (253/255)
INFO:root:  W: 98.29% (230/234)
INFO:root:  X: 97.99% (244/249)
INFO:root:  Y: 99.27% (271/273)
INFO:root:  Z: 99.24% (261/263)
INFO:root:  del: 98.33% (294/299)
INFO:root:  nothing: 100.00% (308/308)
INFO:root:  space: 99.30% (285/287)
INFO:root:Epoch 13, Train Loss: 0.1108, Val Loss: 0.0590, Val Acc: 98.28%
INFO:root:  A: 99.10% (220/222)
INFO:root:  B: 100.00% (204/204)
INFO:root:  C: 100.00% (218/218)
INFO:root:  D: 98.47% (257/261)
INFO:root:  E: 98.83% (253/256)
INFO:root:  F: 99.34% (301/303)
INFO:root:  G: 97.18% (241/248)
INFO:root:  H: 99.61% (254/255)
INFO:root:  I: 98.77% (241/244)
INFO:root:  J: 98.09% (257/262)
INFO:root:  K: 100.00% (296/296)
INFO:root:  L: 100.00% (267/267)
INFO:root:  M: 91.67% (297/324)
INFO:root:  N: 93.27% (291/312)
INFO:root:  O: 99.14% (231/233)
INFO:root:  P: 95.74% (180/188)
INFO:root:  Q: 99.56% (224/225)
INFO:root:  R: 95.37% (247/259)
INFO:root:  S: 99.31% (287/289)
INFO:root:  T: 98.67% (222/225)
INFO:root:  U: 99.60% (247/248)
INFO:root:  V: 99.22% (253/255)
INFO:root:  W: 96.15% (225/234)
INFO:root:  X: 98.39% (245/249)
INFO:root:  Y: 99.27% (271/273)
INFO:root:  Z: 99.24% (261/263)
INFO:root:  del: 98.33% (294/299)
INFO:root:  nothing: 100.00% (308/308)
INFO:root:  space: 99.65% (286/287)
INFO:root:  Saved best model with Val Acc: 98.28%
INFO:root:Epoch 14, Train Loss: 0.1117, Val Loss: 0.0635, Val Acc: 98.19%
INFO:root:  A: 98.20% (218/222)
INFO:root:  B: 99.51% (203/204)
INFO:root:  C: 100.00% (218/218)
INFO:root:  D: 98.85% (258/261)
INFO:root:  E: 98.44% (252/256)
INFO:root:  F: 99.01% (300/303)
INFO:root:  G: 98.39% (244/248)
INFO:root:  H: 98.43% (251/255)
INFO:root:  I: 97.54% (238/244)
INFO:root:  J: 97.33% (255/262)
INFO:root:  K: 99.66% (295/296)
INFO:root:  L: 100.00% (267/267)
INFO:root:  M: 90.12% (292/324)
INFO:root:  N: 95.19% (297/312)
INFO:root:  O: 99.14% (231/233)
INFO:root:  P: 98.40% (185/188)
INFO:root:  Q: 98.67% (222/225)
INFO:root:  R: 94.59% (245/259)
INFO:root:  S: 98.96% (286/289)
INFO:root:  T: 99.56% (224/225)
INFO:root:  U: 98.39% (244/248)
INFO:root:  V: 99.22% (253/255)
INFO:root:  W: 97.86% (229/234)
INFO:root:  X: 98.80% (246/249)
INFO:root:  Y: 99.27% (271/273)
INFO:root:  Z: 98.48% (259/263)
INFO:root:  del: 98.33% (294/299)
INFO:root:  nothing: 100.00% (308/308)
INFO:root:  space: 99.65% (286/287)
INFO:root:Epoch 15, Train Loss: 0.1092, Val Loss: 0.0696, Val Acc: 98.04%
INFO:root:  A: 94.14% (209/222)
INFO:root:  B: 99.51% (203/204)
INFO:root:  C: 98.17% (214/218)
INFO:root:  D: 99.62% (260/261)
INFO:root:  E: 98.83% (253/256)
INFO:root:  F: 99.34% (301/303)
INFO:root:  G: 98.39% (244/248)
INFO:root:  H: 99.61% (254/255)
INFO:root:  I: 97.13% (237/244)
INFO:root:  J: 98.85% (259/262)
INFO:root:  K: 99.32% (294/296)
INFO:root:  L: 100.00% (267/267)
INFO:root:  M: 91.98% (298/324)
INFO:root:  N: 91.67% (286/312)
INFO:root:  O: 99.57% (232/233)
INFO:root:  P: 95.74% (180/188)
INFO:root:  Q: 99.56% (224/225)
INFO:root:  R: 97.68% (253/259)
INFO:root:  S: 99.31% (287/289)
INFO:root:  T: 97.33% (219/225)
INFO:root:  U: 98.79% (245/248)
INFO:root:  V: 99.22% (253/255)
INFO:root:  W: 97.44% (228/234)
INFO:root:  X: 97.59% (243/249)
INFO:root:  Y: 98.53% (269/273)
INFO:root:  Z: 99.24% (261/263)
INFO:root:  del: 97.66% (292/299)
INFO:root:  nothing: 100.00% (308/308)
INFO:root:  space: 100.00% (287/287)
INFO:root:Epoch 16, Train Loss: 0.1064, Val Loss: 0.0661, Val Acc: 97.87%
INFO:root:  A: 99.10% (220/222)
INFO:root:  B: 100.00% (204/204)
INFO:root:  C: 100.00% (218/218)
INFO:root:  D: 98.85% (258/261)
INFO:root:  E: 99.22% (254/256)
INFO:root:  F: 99.34% (301/303)
INFO:root:  G: 97.58% (242/248)
INFO:root:  H: 99.61% (254/255)
INFO:root:  I: 97.54% (238/244)
INFO:root:  J: 99.24% (260/262)
INFO:root:  K: 99.66% (295/296)
INFO:root:  L: 100.00% (267/267)
INFO:root:  M: 95.37% (309/324)
INFO:root:  N: 78.53% (245/312)
INFO:root:  O: 99.14% (231/233)
INFO:root:  P: 96.81% (182/188)
INFO:root:  Q: 99.11% (223/225)
INFO:root:  R: 97.68% (253/259)
INFO:root:  S: 98.27% (284/289)
INFO:root:  T: 99.11% (223/225)
INFO:root:  U: 98.79% (245/248)
INFO:root:  V: 98.04% (250/255)
INFO:root:  W: 97.86% (229/234)
INFO:root:  X: 97.99% (244/249)
INFO:root:  Y: 99.27% (271/273)
INFO:root:  Z: 99.24% (261/263)
INFO:root:  del: 97.66% (292/299)
INFO:root:  nothing: 99.68% (307/308)
INFO:root:  space: 100.00% (287/287)
INFO:root:Epoch 17, Train Loss: 0.1061, Val Loss: 0.0677, Val Acc: 98.02%
INFO:root:  A: 98.20% (218/222)
INFO:root:  B: 100.00% (204/204)
INFO:root:  C: 100.00% (218/218)
INFO:root:  D: 96.93% (253/261)
INFO:root:  E: 98.44% (252/256)
INFO:root:  F: 99.34% (301/303)
INFO:root:  G: 95.56% (237/248)
INFO:root:  H: 99.22% (253/255)
INFO:root:  I: 98.77% (241/244)
INFO:root:  J: 98.47% (258/262)
INFO:root:  K: 100.00% (296/296)
INFO:root:  L: 100.00% (267/267)
INFO:root:  M: 91.98% (298/324)
INFO:root:  N: 90.06% (281/312)
INFO:root:  O: 99.14% (231/233)
INFO:root:  P: 95.74% (180/188)
INFO:root:  Q: 99.11% (223/225)
INFO:root:  R: 97.68% (253/259)
INFO:root:  S: 97.92% (283/289)
INFO:root:  T: 98.67% (222/225)
INFO:root:  U: 97.18% (241/248)
INFO:root:  V: 99.22% (253/255)
INFO:root:  W: 97.44% (228/234)
INFO:root:  X: 98.39% (245/249)
INFO:root:  Y: 99.27% (271/273)
INFO:root:  Z: 99.24% (261/263)
INFO:root:  del: 98.66% (295/299)
INFO:root:  nothing: 100.00% (308/308)
INFO:root:  space: 100.00% (287/287)
INFO:root:Epoch 18, Train Loss: 0.1070, Val Loss: 0.0701, Val Acc: 97.64%
INFO:root:  A: 99.10% (220/222)
INFO:root:  B: 98.53% (201/204)
INFO:root:  C: 98.62% (215/218)
INFO:root:  D: 98.08% (256/261)
INFO:root:  E: 99.22% (254/256)
INFO:root:  F: 99.34% (301/303)
INFO:root:  G: 97.98% (243/248)
INFO:root:  H: 99.22% (253/255)
INFO:root:  I: 97.13% (237/244)
INFO:root:  J: 98.85% (259/262)
INFO:root:  K: 99.32% (294/296)
INFO:root:  L: 99.63% (266/267)
INFO:root:  M: 96.91% (314/324)
INFO:root:  N: 84.94% (265/312)
INFO:root:  O: 99.57% (232/233)
INFO:root:  P: 96.81% (182/188)
INFO:root:  Q: 97.33% (219/225)
INFO:root:  R: 98.46% (255/259)
INFO:root:  S: 98.27% (284/289)
INFO:root:  T: 99.11% (223/225)
INFO:root:  U: 85.08% (211/248)
INFO:root:  V: 98.82% (252/255)
INFO:root:  W: 98.72% (231/234)
INFO:root:  X: 97.59% (243/249)
INFO:root:  Y: 99.27% (271/273)
INFO:root:  Z: 98.86% (260/263)
INFO:root:  del: 98.33% (294/299)
INFO:root:  nothing: 100.00% (308/308)
INFO:root:  space: 100.00% (287/287)
INFO:root:Epoch 19, Train Loss: 0.1041, Val Loss: 0.0658, Val Acc: 97.72%
INFO:root:  A: 98.65% (219/222)
INFO:root:  B: 99.51% (203/204)
INFO:root:  C: 99.54% (217/218)
INFO:root:  D: 99.62% (260/261)
INFO:root:  E: 99.22% (254/256)
INFO:root:  F: 99.34% (301/303)
INFO:root:  G: 96.77% (240/248)
INFO:root:  H: 99.61% (254/255)
INFO:root:  I: 97.54% (238/244)
INFO:root:  J: 99.24% (260/262)
INFO:root:  K: 100.00% (296/296)
INFO:root:  L: 100.00% (267/267)
INFO:root:  M: 96.30% (312/324)
INFO:root:  N: 73.08% (228/312)
INFO:root:  O: 99.57% (232/233)
INFO:root:  P: 98.40% (185/188)
INFO:root:  Q: 96.89% (218/225)
INFO:root:  R: 95.75% (248/259)
INFO:root:  S: 98.62% (285/289)
INFO:root:  T: 99.56% (224/225)
INFO:root:  U: 99.60% (247/248)
INFO:root:  V: 99.61% (254/255)
INFO:root:  W: 97.86% (229/234)
INFO:root:  X: 98.39% (245/249)
INFO:root:  Y: 99.27% (271/273)
INFO:root:  Z: 99.24% (261/263)
INFO:root:  del: 97.99% (293/299)
INFO:root:  nothing: 100.00% (308/308)
INFO:root:  space: 100.00% (287/287)
INFO:root:Epoch 20, Train Loss: 0.0695, Val Loss: 0.0457, Val Acc: 98.51%
INFO:root:  A: 99.10% (220/222)
INFO:root:  B: 99.51% (203/204)
INFO:root:  C: 100.00% (218/218)
INFO:root:  D: 99.23% (259/261)
INFO:root:  E: 99.22% (254/256)
INFO:root:  F: 99.34% (301/303)
INFO:root:  G: 97.98% (243/248)
INFO:root:  H: 99.61% (254/255)
INFO:root:  I: 97.95% (239/244)
INFO:root:  J: 99.62% (261/262)
INFO:root:  K: 99.66% (295/296)
INFO:root:  L: 100.00% (267/267)
INFO:root:  M: 95.68% (310/324)
INFO:root:  N: 88.14% (275/312)
INFO:root:  O: 99.57% (232/233)
INFO:root:  P: 97.87% (184/188)
INFO:root:  Q: 99.56% (224/225)
INFO:root:  R: 98.46% (255/259)
INFO:root:  S: 98.96% (286/289)
INFO:root:  T: 99.11% (223/225)
INFO:root:  U: 97.58% (242/248)
INFO:root:  V: 99.22% (253/255)
INFO:root:  W: 98.72% (231/234)
INFO:root:  X: 98.39% (245/249)
INFO:root:  Y: 99.27% (271/273)
INFO:root:  Z: 99.24% (261/263)
INFO:root:  del: 98.33% (294/299)
INFO:root:  nothing: 100.00% (308/308)
INFO:root:  space: 100.00% (287/287)
INFO:root:  Saved best model with Val Acc: 98.51%
INFO:root:Epoch 21, Train Loss: 0.0616, Val Loss: 0.0452, Val Acc: 98.52%
INFO:root:  A: 99.10% (220/222)
INFO:root:  B: 100.00% (204/204)
INFO:root:  C: 100.00% (218/218)
INFO:root:  D: 99.62% (260/261)
INFO:root:  E: 99.22% (254/256)
INFO:root:  F: 99.34% (301/303)
INFO:root:  G: 97.58% (242/248)
INFO:root:  H: 99.61% (254/255)
INFO:root:  I: 97.95% (239/244)
INFO:root:  J: 99.24% (260/262)
INFO:root:  K: 100.00% (296/296)
INFO:root:  L: 100.00% (267/267)
INFO:root:  M: 95.37% (309/324)
INFO:root:  N: 87.18% (272/312)
INFO:root:  O: 99.57% (232/233)
INFO:root:  P: 97.34% (183/188)
INFO:root:  Q: 99.56% (224/225)
INFO:root:  R: 98.46% (255/259)
INFO:root:  S: 99.31% (287/289)
INFO:root:  T: 99.11% (223/225)
INFO:root:  U: 99.60% (247/248)
INFO:root:  V: 99.61% (254/255)
INFO:root:  W: 97.86% (229/234)
INFO:root:  X: 98.39% (245/249)
INFO:root:  Y: 99.27% (271/273)
INFO:root:  Z: 99.24% (261/263)
INFO:root:  del: 98.33% (294/299)
INFO:root:  nothing: 100.00% (308/308)
INFO:root:  space: 100.00% (287/287)
INFO:root:  Saved best model with Val Acc: 98.52%
INFO:root:Epoch 22, Train Loss: 0.0589, Val Loss: 0.0416, Val Acc: 98.63%
INFO:root:  A: 99.10% (220/222)
INFO:root:  B: 99.51% (203/204)
INFO:root:  C: 100.00% (218/218)
INFO:root:  D: 99.62% (260/261)
INFO:root:  E: 99.22% (254/256)
INFO:root:  F: 99.34% (301/303)
INFO:root:  G: 97.98% (243/248)
INFO:root:  H: 99.61% (254/255)
INFO:root:  I: 98.36% (240/244)
INFO:root:  J: 99.24% (260/262)
INFO:root:  K: 100.00% (296/296)
INFO:root:  L: 100.00% (267/267)
INFO:root:  M: 94.14% (305/324)
INFO:root:  N: 90.06% (281/312)
INFO:root:  O: 99.57% (232/233)
INFO:root:  P: 97.34% (183/188)
INFO:root:  Q: 99.56% (224/225)
INFO:root:  R: 98.46% (255/259)
INFO:root:  S: 99.31% (287/289)
INFO:root:  T: 99.11% (223/225)
INFO:root:  U: 99.19% (246/248)
INFO:root:  V: 99.61% (254/255)
INFO:root:  W: 98.72% (231/234)
INFO:root:  X: 98.39% (245/249)
INFO:root:  Y: 99.27% (271/273)
INFO:root:  Z: 99.24% (261/263)
INFO:root:  del: 98.66% (295/299)
INFO:root:  nothing: 100.00% (308/308)
INFO:root:  space: 100.00% (287/287)
INFO:root:  Saved best model with Val Acc: 98.63%
INFO:root:Epoch 23, Train Loss: 0.0576, Val Loss: 0.0385, Val Acc: 98.83%
INFO:root:  A: 99.10% (220/222)
INFO:root:  B: 99.51% (203/204)
INFO:root:  C: 100.00% (218/218)
INFO:root:  D: 99.62% (260/261)
INFO:root:  E: 99.22% (254/256)
INFO:root:  F: 99.34% (301/303)
INFO:root:  G: 98.39% (244/248)
INFO:root:  H: 99.22% (253/255)
INFO:root:  I: 98.36% (240/244)
INFO:root:  J: 99.62% (261/262)
INFO:root:  K: 100.00% (296/296)
INFO:root:  L: 100.00% (267/267)
INFO:root:  M: 93.52% (303/324)
INFO:root:  N: 94.23% (294/312)
INFO:root:  O: 99.57% (232/233)
INFO:root:  P: 97.34% (183/188)
INFO:root:  Q: 99.56% (224/225)
INFO:root:  R: 98.46% (255/259)
INFO:root:  S: 99.31% (287/289)
INFO:root:  T: 99.56% (224/225)
INFO:root:  U: 99.60% (247/248)
INFO:root:  V: 99.61% (254/255)
INFO:root:  W: 98.72% (231/234)
INFO:root:  X: 98.39% (245/249)
INFO:root:  Y: 99.63% (272/273)
INFO:root:  Z: 99.24% (261/263)
INFO:root:  del: 98.66% (295/299)
INFO:root:  nothing: 100.00% (308/308)
INFO:root:  space: 100.00% (287/287)
INFO:root:  Saved best model with Val Acc: 98.83%
INFO:root:Epoch 24, Train Loss: 0.0551, Val Loss: 0.0397, Val Acc: 98.71%
INFO:root:  A: 99.10% (220/222)
INFO:root:  B: 100.00% (204/204)
INFO:root:  C: 100.00% (218/218)
INFO:root:  D: 99.62% (260/261)
INFO:root:  E: 99.22% (254/256)
INFO:root:  F: 99.34% (301/303)
INFO:root:  G: 96.77% (240/248)
INFO:root:  H: 99.61% (254/255)
INFO:root:  I: 97.95% (239/244)
INFO:root:  J: 99.24% (260/262)
INFO:root:  K: 100.00% (296/296)
INFO:root:  L: 100.00% (267/267)
INFO:root:  M: 95.06% (308/324)
INFO:root:  N: 92.95% (290/312)
INFO:root:  O: 99.57% (232/233)
INFO:root:  P: 98.40% (185/188)
INFO:root:  Q: 97.78% (220/225)
INFO:root:  R: 98.46% (255/259)
INFO:root:  S: 98.96% (286/289)
INFO:root:  T: 99.11% (223/225)
INFO:root:  U: 98.79% (245/248)
INFO:root:  V: 99.61% (254/255)
INFO:root:  W: 98.72% (231/234)
INFO:root:  X: 98.39% (245/249)
INFO:root:  Y: 99.27% (271/273)
INFO:root:  Z: 99.24% (261/263)
INFO:root:  del: 99.00% (296/299)
INFO:root:  nothing: 100.00% (308/308)
INFO:root:  space: 100.00% (287/287)
INFO:root:Epoch 25, Train Loss: 0.0527, Val Loss: 0.0365, Val Acc: 98.91%
INFO:root:  A: 99.10% (220/222)
INFO:root:  B: 100.00% (204/204)
INFO:root:  C: 100.00% (218/218)
INFO:root:  D: 99.62% (260/261)
INFO:root:  E: 99.22% (254/256)
INFO:root:  F: 99.34% (301/303)
INFO:root:  G: 97.98% (243/248)
INFO:root:  H: 99.61% (254/255)
INFO:root:  I: 98.77% (241/244)
INFO:root:  J: 99.62% (261/262)
INFO:root:  K: 100.00% (296/296)
INFO:root:  L: 100.00% (267/267)
INFO:root:  M: 95.37% (309/324)
INFO:root:  N: 94.23% (294/312)
INFO:root:  O: 99.57% (232/233)
INFO:root:  P: 98.40% (185/188)
INFO:root:  Q: 99.11% (223/225)
INFO:root:  R: 98.07% (254/259)
INFO:root:  S: 99.31% (287/289)
INFO:root:  T: 99.11% (223/225)
INFO:root:  U: 99.60% (247/248)
INFO:root:  V: 99.61% (254/255)
INFO:root:  W: 98.72% (231/234)
INFO:root:  X: 98.39% (245/249)
INFO:root:  Y: 99.27% (271/273)
INFO:root:  Z: 99.24% (261/263)
INFO:root:  del: 98.66% (295/299)
INFO:root:  nothing: 100.00% (308/308)
INFO:root:  space: 100.00% (287/287)
INFO:root:  Saved best model with Val Acc: 98.91%
INFO:root:Epoch 26, Train Loss: 0.0525, Val Loss: 0.0371, Val Acc: 98.88%
INFO:root:  A: 99.10% (220/222)
INFO:root:  B: 100.00% (204/204)
INFO:root:  C: 100.00% (218/218)
INFO:root:  D: 99.62% (260/261)
INFO:root:  E: 99.22% (254/256)
INFO:root:  F: 99.34% (301/303)
INFO:root:  G: 97.58% (242/248)
INFO:root:  H: 99.61% (254/255)
INFO:root:  I: 98.36% (240/244)
INFO:root:  J: 99.62% (261/262)
INFO:root:  K: 100.00% (296/296)
INFO:root:  L: 100.00% (267/267)
INFO:root:  M: 95.06% (308/324)
INFO:root:  N: 93.59% (292/312)
INFO:root:  O: 99.57% (232/233)
INFO:root:  P: 97.87% (184/188)
INFO:root:  Q: 99.11% (223/225)
INFO:root:  R: 99.23% (257/259)
INFO:root:  S: 99.31% (287/289)
INFO:root:  T: 99.56% (224/225)
INFO:root:  U: 99.60% (247/248)
INFO:root:  V: 99.61% (254/255)
INFO:root:  W: 98.72% (231/234)
INFO:root:  X: 98.80% (246/249)
INFO:root:  Y: 99.27% (271/273)
INFO:root:  Z: 98.86% (260/263)
INFO:root:  del: 98.66% (295/299)
INFO:root:  nothing: 100.00% (308/308)
INFO:root:  space: 100.00% (287/287)
INFO:root:Epoch 27, Train Loss: 0.0505, Val Loss: 0.0359, Val Acc: 98.96%
INFO:root:  A: 99.10% (220/222)
INFO:root:  B: 100.00% (204/204)
INFO:root:  C: 100.00% (218/218)
INFO:root:  D: 99.62% (260/261)
INFO:root:  E: 99.22% (254/256)
INFO:root:  F: 99.34% (301/303)
INFO:root:  G: 97.98% (243/248)
INFO:root:  H: 99.61% (254/255)
INFO:root:  I: 97.95% (239/244)
INFO:root:  J: 99.24% (260/262)
INFO:root:  K: 100.00% (296/296)
INFO:root:  L: 100.00% (267/267)
INFO:root:  M: 96.60% (313/324)
INFO:root:  N: 93.91% (293/312)
INFO:root:  O: 99.57% (232/233)
INFO:root:  P: 98.40% (185/188)
INFO:root:  Q: 100.00% (225/225)
INFO:root:  R: 98.46% (255/259)
INFO:root:  S: 99.31% (287/289)
INFO:root:  T: 99.11% (223/225)
INFO:root:  U: 99.60% (247/248)
INFO:root:  V: 99.61% (254/255)
INFO:root:  W: 98.29% (230/234)
INFO:root:  X: 98.39% (245/249)
INFO:root:  Y: 99.63% (272/273)
INFO:root:  Z: 99.24% (261/263)
INFO:root:  del: 99.00% (296/299)
INFO:root:  nothing: 100.00% (308/308)
INFO:root:  space: 100.00% (287/287)
INFO:root:  Saved best model with Val Acc: 98.96%
INFO:root:Epoch 28, Train Loss: 0.0486, Val Loss: 0.0367, Val Acc: 98.85%
INFO:root:  A: 99.10% (220/222)
INFO:root:  B: 100.00% (204/204)
INFO:root:  C: 100.00% (218/218)
INFO:root:  D: 99.62% (260/261)
INFO:root:  E: 99.22% (254/256)
INFO:root:  F: 99.34% (301/303)
INFO:root:  G: 96.77% (240/248)
INFO:root:  H: 99.61% (254/255)
INFO:root:  I: 98.36% (240/244)
INFO:root:  J: 99.24% (260/262)
INFO:root:  K: 100.00% (296/296)
INFO:root:  L: 100.00% (267/267)
INFO:root:  M: 95.99% (311/324)
INFO:root:  N: 93.59% (292/312)
INFO:root:  O: 99.57% (232/233)
INFO:root:  P: 98.40% (185/188)
INFO:root:  Q: 99.11% (223/225)
INFO:root:  R: 99.61% (258/259)
INFO:root:  S: 98.96% (286/289)
INFO:root:  T: 99.56% (224/225)
INFO:root:  U: 97.98% (243/248)
INFO:root:  V: 99.61% (254/255)
INFO:root:  W: 98.72% (231/234)
INFO:root:  X: 98.39% (245/249)
INFO:root:  Y: 99.27% (271/273)
INFO:root:  Z: 99.24% (261/263)
INFO:root:  del: 99.00% (296/299)
INFO:root:  nothing: 100.00% (308/308)
INFO:root:  space: 100.00% (287/287)
INFO:root:Epoch 29, Train Loss: 0.0496, Val Loss: 0.0353, Val Acc: 99.00%
INFO:root:  A: 99.10% (220/222)
INFO:root:  B: 100.00% (204/204)
INFO:root:  C: 100.00% (218/218)
INFO:root:  D: 99.62% (260/261)
INFO:root:  E: 99.22% (254/256)
INFO:root:  F: 99.34% (301/303)
INFO:root:  G: 97.18% (241/248)
INFO:root:  H: 99.61% (254/255)
INFO:root:  I: 98.36% (240/244)
INFO:root:  J: 99.24% (260/262)
INFO:root:  K: 100.00% (296/296)
INFO:root:  L: 100.00% (267/267)
INFO:root:  M: 95.37% (309/324)
INFO:root:  N: 94.87% (296/312)
INFO:root:  O: 99.57% (232/233)
INFO:root:  P: 98.40% (185/188)
INFO:root:  Q: 99.11% (223/225)
INFO:root:  R: 99.61% (258/259)
INFO:root:  S: 99.31% (287/289)
INFO:root:  T: 99.56% (224/225)
INFO:root:  U: 99.19% (246/248)
INFO:root:  V: 99.61% (254/255)
INFO:root:  W: 99.15% (232/234)
INFO:root:  X: 98.80% (246/249)
INFO:root:  Y: 99.63% (272/273)
INFO:root:  Z: 99.24% (261/263)
INFO:root:  del: 99.33% (297/299)
INFO:root:  nothing: 100.00% (308/308)
INFO:root:  space: 100.00% (287/287)
INFO:root:  Saved best model with Val Acc: 99.00%
INFO:root:Epoch 30, Train Loss: 0.0489, Val Loss: 0.0345, Val Acc: 98.96%
INFO:root:  A: 99.10% (220/222)
INFO:root:  B: 100.00% (204/204)
INFO:root:  C: 100.00% (218/218)
INFO:root:  D: 99.62% (260/261)
INFO:root:  E: 99.22% (254/256)
INFO:root:  F: 99.34% (301/303)
INFO:root:  G: 97.18% (241/248)
INFO:root:  H: 99.61% (254/255)
INFO:root:  I: 97.95% (239/244)
INFO:root:  J: 99.24% (260/262)
INFO:root:  K: 100.00% (296/296)
INFO:root:  L: 100.00% (267/267)
INFO:root:  M: 96.60% (313/324)
INFO:root:  N: 93.91% (293/312)
INFO:root:  O: 99.57% (232/233)
INFO:root:  P: 98.94% (186/188)
INFO:root:  Q: 99.56% (224/225)
INFO:root:  R: 98.84% (256/259)
INFO:root:  S: 99.31% (287/289)
INFO:root:  T: 99.11% (223/225)
INFO:root:  U: 99.19% (246/248)
INFO:root:  V: 99.61% (254/255)
INFO:root:  W: 98.72% (231/234)
INFO:root:  X: 98.39% (245/249)
INFO:root:  Y: 99.27% (271/273)
INFO:root:  Z: 99.62% (262/263)
INFO:root:  del: 99.33% (297/299)
INFO:root:  nothing: 100.00% (308/308)
INFO:root:  space: 100.00% (287/287)
INFO:root:Test Accuracy: 98.92%
INFO:root:  A: 98.78% (242/245)
INFO:root:  B: 100.00% (240/240)
INFO:root:  C: 99.54% (217/218)
INFO:root:  D: 99.63% (268/269)
INFO:root:  E: 99.18% (243/245)
INFO:root:  F: 98.90% (270/273)
INFO:root:  G: 98.88% (265/268)
INFO:root:  H: 98.82% (252/255)
INFO:root:  I: 98.22% (221/225)
INFO:root:  J: 99.30% (283/285)
INFO:root:  K: 99.66% (294/295)
INFO:root:  L: 100.00% (235/235)
INFO:root:  M: 99.36% (309/311)
INFO:root:  N: 91.95% (297/323)
INFO:root:  O: 98.56% (274/278)
INFO:root:  P: 97.69% (211/216)
INFO:root:  Q: 100.00% (211/211)
INFO:root:  R: 98.05% (252/257)
INFO:root:  S: 98.86% (260/263)
INFO:root:  T: 100.00% (249/249)
INFO:root:  U: 100.00% (255/255)
INFO:root:  V: 99.25% (264/266)
INFO:root:  W: 98.13% (262/267)
INFO:root:  X: 97.61% (204/209)
INFO:root:  Y: 100.00% (242/242)
INFO:root:  Z: 100.00% (203/203)
INFO:root:  del: 100.00% (279/279)
INFO:root:  nothing: 100.00% (307/307)
INFO:root:  space: 99.69% (317/318)
